2023-07-30 08:06:19 Loading main app package /usr/lib/obsidian/obsidian.asar
2023-07-30 08:06:19 Checking for update using Github
2023-07-30 08:06:19 Success.
2023-07-30 08:06:19 Latest version is 1.3.5
2023-07-30 08:06:19 App is up to date.
2023-07-30 16:12:47 Loading main app package /usr/lib/obsidian/obsidian.asar
2023-07-30 16:12:47 Checking for update using Github
2023-07-30 16:12:47 Success.
2023-07-30 16:12:47 Latest version is 1.3.5
2023-07-30 16:12:47 App is up to date.
2023-07-30 16:36:41 Loading main app package /usr/lib/obsidian/obsidian.asar
2023-07-30 16:36:41 Checking for update using Github
2023-07-30 16:36:51 Failed to check for update using Github (net::ERR_NAME_NOT_RESOLVED)
2023-07-30 16:36:51 Checking for update using obsidian.md
2023-07-30 16:37:31 Failed to check for update using obsidian.md (net::ERR_NETWORK_CHANGED)
2023-07-30 23:20:28 Loading main app package /usr/lib/obsidian/obsidian.asar
2023-07-30 23:20:28 Checking for update using Github
2023-07-30 23:20:28 Success.
2023-07-30 23:20:28 Latest version is 1.3.5
2023-07-30 23:20:28 App is up to date.
2023-07-31 00:20:28 Checking for update using Github
2023-07-31 00:20:31 Success.
2023-07-31 00:20:31 Latest version is 1.3.5
2023-07-31 00:20:31 App is up to date.
2023-07-31 04:20:17 Loading main app package /usr/lib/obsidian/obsidian.asar
2023-07-31 04:20:17 Checking for update using Github
2023-07-31 04:20:17 Success.
2023-07-31 04:20:17 Latest version is 1.3.5
2023-07-31 04:20:17 App is up to date.
2023-07-31 05:20:17 Checking for update using Github
2023-07-31 05:20:18 Success.
2023-07-31 05:20:18 Latest version is 1.3.5
2023-07-31 05:20:18 App is up to date.
