2023-10-05 08:37:57.219 [info] Extension host with pid 1048 started
2023-10-05 08:37:57.262 [info] ExtensionService#_doActivateExtension vscode.git-base, startup: true, activationEvent: '*', root cause: vscode.git
2023-10-05 08:37:57.269 [info] ExtensionService#_doActivateExtension ecmel.vscode-html-css, startup: true, activationEvent: '*'
2023-10-05 08:37:57.321 [info] ExtensionService#_doActivateExtension Shan.code-settings-sync, startup: true, activationEvent: '*'
2023-10-05 08:37:57.430 [info] ExtensionService#_doActivateExtension vscodevim.vim, startup: true, activationEvent: '*'
2023-10-05 08:37:57.642 [info] ExtensionService#_doActivateExtension vscode.git, startup: true, activationEvent: '*'
2023-10-05 08:37:57.736 [info] ExtensionService#_doActivateExtension vscode.github, startup: true, activationEvent: '*'
2023-10-05 08:37:57.854 [info] Eager extensions activated
2023-10-05 08:37:57.925 [info] ExtensionService#_doActivateExtension vscode.debug-auto-launch, startup: false, activationEvent: 'onStartupFinished'
2023-10-05 08:37:57.928 [info] ExtensionService#_doActivateExtension vscode.merge-conflict, startup: false, activationEvent: 'onStartupFinished'
2023-10-05 08:37:57.959 [info] ExtensionService#_doActivateExtension ritwickdey.LiveServer, startup: false, activationEvent: 'onStartupFinished'
2023-10-05 08:37:58.643 [error] Error: ENOENT: no such file or directory, open '/home/arjuntina/.config/VSCodium/User/globalStorage/vscodevim.vim/.registers'
2023-10-05 08:38:59.334 [info] ExtensionService#_doActivateExtension vscode.json-language-features, startup: false, activationEvent: 'onLanguage:jsonc'
2023-10-05 08:38:59.419 [info] ExtensionService#_doActivateExtension vscode.typescript-language-features, startup: false, activationEvent: 'onLanguage:jsonc'
2023-10-05 08:38:59.492 [info] ExtensionService#_doActivateExtension vscode.emmet, startup: false, activationEvent: 'onLanguage'
2023-10-05 08:39:20.184 [info] Extension host terminating: renderer closed the MessagePort
2023-10-05 08:39:20.195 [error] Error: ENOENT: no such file or directory, open '/home/arjuntina/.config/VSCodium/User/globalStorage/vscodevim.vim/.registers'
2023-10-05 08:39:20.196 [info] Extension host with pid 1048 exiting with code 0
2023-10-05 08:39:21.570 [info] Extension host with pid 2078 started
2023-10-05 08:39:21.650 [info] ExtensionService#_doActivateExtension vscode.emmet, startup: false, activationEvent: 'onLanguage'
2023-10-05 08:39:21.683 [info] ExtensionService#_doActivateExtension vscode.git-base, startup: true, activationEvent: '*', root cause: vscode.git
2023-10-05 08:39:21.685 [info] ExtensionService#_doActivateExtension ecmel.vscode-html-css, startup: true, activationEvent: '*'
2023-10-05 08:39:21.703 [info] ExtensionService#_doActivateExtension Shan.code-settings-sync, startup: true, activationEvent: '*'
2023-10-05 08:39:21.754 [info] ExtensionService#_doActivateExtension vscodevim.vim, startup: true, activationEvent: '*'
2023-10-05 08:39:21.912 [info] ExtensionService#_doActivateExtension vscode.git, startup: true, activationEvent: '*'
2023-10-05 08:39:21.940 [info] ExtensionService#_doActivateExtension vscode.github, startup: true, activationEvent: '*'
2023-10-05 08:39:22.010 [info] Eager extensions activated
2023-10-05 08:39:22.026 [info] ExtensionService#_doActivateExtension vscode.debug-auto-launch, startup: false, activationEvent: 'onStartupFinished'
2023-10-05 08:39:22.028 [info] ExtensionService#_doActivateExtension vscode.merge-conflict, startup: false, activationEvent: 'onStartupFinished'
2023-10-05 08:39:22.032 [info] ExtensionService#_doActivateExtension ritwickdey.LiveServer, startup: false, activationEvent: 'onStartupFinished'
2023-10-05 08:39:22.953 [error] Error: ENOENT: no such file or directory, open '/home/arjuntina/.config/VSCodium/User/globalStorage/vscodevim.vim/.registers'
2023-10-05 08:39:29.463 [info] ExtensionService#_doActivateExtension vscode.json-language-features, startup: false, activationEvent: 'onLanguage:jsonc'
2023-10-05 08:39:29.481 [info] ExtensionService#_doActivateExtension vscode.typescript-language-features, startup: false, activationEvent: 'onLanguage:jsonc'
2023-10-05 08:40:10.369 [info] Extension host terminating: renderer closed the MessagePort
2023-10-05 08:40:10.382 [error] Error: ENOENT: no such file or directory, open '/home/arjuntina/.config/VSCodium/User/globalStorage/vscodevim.vim/.registers'
2023-10-05 08:40:10.383 [info] Extension host with pid 2078 exiting with code 0
2023-10-05 08:40:11.887 [info] Extension host with pid 2259 started
2023-10-05 08:40:11.887 [info] Skipping acquiring lock for /home/arjuntina/.config/VSCodium/User/workspaceStorage/f0fa4bbf0cb772b1504c9c43ee817bb6.
2023-10-05 08:40:11.926 [info] ExtensionService#_doActivateExtension vscode.git-base, startup: true, activationEvent: '*'
2023-10-05 08:40:11.935 [info] ExtensionService#_doActivateExtension vscodevim.vim, startup: true, activationEvent: '*'
2023-10-05 08:40:12.024 [info] ExtensionService#_doActivateExtension vscode.github, startup: true, activationEvent: '*'
2023-10-05 08:40:12.055 [info] Eager extensions activated
2023-10-05 08:40:12.092 [info] ExtensionService#_doActivateExtension vscode.debug-auto-launch, startup: false, activationEvent: 'onStartupFinished'
2023-10-05 08:40:12.094 [info] ExtensionService#_doActivateExtension vscode.merge-conflict, startup: false, activationEvent: 'onStartupFinished'
2023-10-05 08:40:13.022 [error] Error: ENOENT: no such file or directory, open '/home/arjuntina/.config/VSCodium/User/globalStorage/vscodevim.vim/.registers'
2023-10-05 08:40:15.119 [info] ExtensionService#_doActivateExtension vscode.git, startup: false, activationEvent: 'api', root cause: vscode.github
2023-10-05 08:40:15.173 [info] ExtensionService#_doActivateExtension ecmel.vscode-html-css, startup: false, activationEvent: '*'
2023-10-05 08:40:15.191 [info] ExtensionService#_doActivateExtension ritwickdey.LiveServer, startup: false, activationEvent: 'onStartupFinished'
2023-10-05 08:40:15.195 [info] ExtensionService#_doActivateExtension Shan.code-settings-sync, startup: false, activationEvent: '*'
2023-10-05 08:40:22.393 [info] ExtensionService#_doActivateExtension vscode.emmet, startup: false, activationEvent: 'onLanguage'
2023-10-05 08:40:24.347 [info] ExtensionService#_doActivateExtension vscode.json-language-features, startup: false, activationEvent: 'onLanguage:jsonc'
2023-10-05 08:40:24.362 [info] ExtensionService#_doActivateExtension vscode.typescript-language-features, startup: false, activationEvent: 'onLanguage:jsonc'
2023-10-05 08:40:34.281 [info] ExtensionService#_doActivateExtension ms-vscode.powershell, startup: false, activationEvent: 'onView:PowerShellCommands'
2023-10-05 08:44:41.095 [info] ExtensionService#_doActivateExtension KylinIDETeam.java, startup: false, activationEvent: 'onLanguage:java'
2023-10-05 08:44:41.237 [warning] [KylinIDETeam.java] Accessing a resource scoped configuration without providing a resource is not expected. To get the effective value for '[java]', provide the URI of a resource or 'null' for any resource.
2023-10-05 08:44:41.308 [warning] [KylinIDETeam.java] Accessing a resource scoped configuration without providing a resource is not expected. To get the effective value for '[java]', provide the URI of a resource or 'null' for any resource.
2023-10-05 08:44:44.899 [error] [KylinIDETeam.java] provider FAILED
2023-10-05 08:44:44.902 [error] Error: The request (id: 2, method: 'textDocument/hover') has been cancelled
	at /home/arjuntina/.vscode-oss/extensions/kylinideteam.java-0.1.6-universal/dist/extension.js:2:758544
	at /home/arjuntina/.vscode-oss/extensions/kylinideteam.java-0.1.6-universal/dist/extension.js:2:758838
	at Immediate.<anonymous> (/home/arjuntina/.vscode-oss/extensions/kylinideteam.java-0.1.6-universal/dist/extension.js:2:759203)
	at process.processImmediate (node:internal/timers:476:21)
2023-10-05 08:44:47.806 [error] Error: Connection got disposed.
	at Object.dispose (/home/arjuntina/.vscode-oss/extensions/kylinideteam.java-0.1.6-universal/dist/extension.js:2:764712)
	at Object.dispose (/home/arjuntina/.vscode-oss/extensions/kylinideteam.java-0.1.6-universal/dist/extension.js:2:846647)
	at M.handleConnectionClosed (/home/arjuntina/.vscode-oss/extensions/kylinideteam.java-0.1.6-universal/dist/extension.js:2:846835)
	at M.handleConnectionClosed (/home/arjuntina/.vscode-oss/extensions/kylinideteam.java-0.1.6-universal/dist/extension.js:2:920474)
	at t (/home/arjuntina/.vscode-oss/extensions/kylinideteam.java-0.1.6-universal/dist/extension.js:2:844949)
	at i.invoke (/home/arjuntina/.vscode-oss/extensions/kylinideteam.java-0.1.6-universal/dist/extension.js:2:766340)
	at s.fire (/home/arjuntina/.vscode-oss/extensions/kylinideteam.java-0.1.6-universal/dist/extension.js:2:767101)
	at Z (/home/arjuntina/.vscode-oss/extensions/kylinideteam.java-0.1.6-universal/dist/extension.js:2:753851)
	at i.invoke (/home/arjuntina/.vscode-oss/extensions/kylinideteam.java-0.1.6-universal/dist/extension.js:2:766340)
	at s.fire (/home/arjuntina/.vscode-oss/extensions/kylinideteam.java-0.1.6-universal/dist/extension.js:2:767101)
	at _.fireClose (/home/arjuntina/.vscode-oss/extensions/kylinideteam.java-0.1.6-universal/dist/extension.js:2:778552)
	at Socket.<anonymous> (/home/arjuntina/.vscode-oss/extensions/kylinideteam.java-0.1.6-universal/dist/extension.js:2:779337)
	at Socket.emit (node:events:513:28)
	at Pipe.<anonymous> (node:net:322:12)
2023-10-05 08:44:51.543 [info] Extension host terminating: renderer closed the MessagePort
2023-10-05 08:44:51.556 [error] Error: ENOENT: no such file or directory, open '/home/arjuntina/.config/VSCodium/User/globalStorage/vscodevim.vim/.registers'
2023-10-05 08:44:51.560 [info] Extension host with pid 2259 exiting with code 0
2023-10-05 08:44:53.040 [info] Extension host with pid 3195 started
2023-10-05 08:44:53.040 [info] Skipping acquiring lock for /home/arjuntina/.config/VSCodium/User/workspaceStorage/f0fa4bbf0cb772b1504c9c43ee817bb6.
2023-10-05 08:44:53.320 [info] ExtensionService#_doActivateExtension vscode.emmet, startup: false, activationEvent: 'onLanguage'
2023-10-05 08:44:53.516 [info] ExtensionService#_doActivateExtension vscode.git-base, startup: true, activationEvent: '*', root cause: vscode.git
2023-10-05 08:44:53.518 [info] ExtensionService#_doActivateExtension ecmel.vscode-html-css, startup: true, activationEvent: '*'
2023-10-05 08:44:53.538 [info] ExtensionService#_doActivateExtension Shan.code-settings-sync, startup: true, activationEvent: '*'
2023-10-05 08:44:53.580 [info] ExtensionService#_doActivateExtension vscodevim.vim, startup: true, activationEvent: '*'
2023-10-05 08:44:53.670 [info] ExtensionService#_doActivateExtension vscode.git, startup: true, activationEvent: '*'
2023-10-05 08:44:53.688 [info] ExtensionService#_doActivateExtension vscode.github, startup: true, activationEvent: '*'
2023-10-05 08:44:53.780 [info] Eager extensions activated
2023-10-05 08:44:53.795 [info] ExtensionService#_doActivateExtension vscode.debug-auto-launch, startup: false, activationEvent: 'onStartupFinished'
2023-10-05 08:44:53.796 [info] ExtensionService#_doActivateExtension vscode.merge-conflict, startup: false, activationEvent: 'onStartupFinished'
2023-10-05 08:44:53.800 [info] ExtensionService#_doActivateExtension ritwickdey.LiveServer, startup: false, activationEvent: 'onStartupFinished'
2023-10-05 08:44:54.672 [error] Error: ENOENT: no such file or directory, open '/home/arjuntina/.config/VSCodium/User/globalStorage/vscodevim.vim/.registers'
2023-10-05 08:45:52.701 [info] ExtensionService#_doActivateExtension vscode.json-language-features, startup: false, activationEvent: 'onLanguage:jsonc'
2023-10-05 08:45:52.717 [info] ExtensionService#_doActivateExtension vscode.typescript-language-features, startup: false, activationEvent: 'onLanguage:jsonc'
2023-10-05 08:46:34.367 [warning] Illegal argument: TextEditor(vs.editor.ICodeEditor:1,$model3)
2023-10-05 08:46:34.367 [warning] Illegal argument: TextEditor(vs.editor.ICodeEditor:1,$model3)
2023-10-05 08:49:11.010 [info] ExtensionService#_doActivateExtension redhat.java, startup: false, activationEvent: 'onLanguage:java'
2023-10-05 08:49:11.248 [warning] [redhat.java] Accessing a resource scoped configuration without providing a resource is not expected. To get the effective value for '[java]', provide the URI of a resource or 'null' for any resource.
2023-10-05 08:49:11.303 [warning] [redhat.java] Accessing a resource scoped configuration without providing a resource is not expected. To get the effective value for '[java]', provide the URI of a resource or 'null' for any resource.
2023-10-05 08:51:10.768 [info] Extension host terminating: renderer closed the MessagePort
2023-10-05 08:51:10.792 [info] Extension host with pid 3195 exiting with code 0
