2023-08-15 12:11:15.048 [info] Log level: Info
2023-08-15 12:11:15.048 [info] Validating found git in: "git"
2023-08-15 12:11:15.048 [info] Using git "2.41.0" from "git"
2023-08-15 12:11:15.048 [info] > git rev-parse --show-toplevel [5ms]
2023-08-15 12:11:15.048 [info] > git rev-parse --git-dir --git-common-dir [5ms]
2023-08-15 12:11:15.048 [info] Open repository: /home/arjuntina/Files/BU/Classes/Psychology/psychTextbook
2023-08-15 12:11:15.056 [info] > git config --get commit.template [2ms]
2023-08-15 12:11:15.069 [info] > git for-each-ref --format=%(refname)%00%(upstream:short)%00%(objectname)%00%(upstream:track)%00%(upstream:remotename)%00%(upstream:remoteref) refs/heads/main refs/remotes/main [7ms]
2023-08-15 12:11:15.075 [info] > git rev-parse --show-toplevel [7ms]
2023-08-15 12:11:15.081 [info] > git rev-parse --show-toplevel [1ms]
2023-08-15 12:11:15.348 [info] > git show --textconv :Textbook.html [5ms]
2023-08-15 12:11:15.350 [info] > git ls-files --stage -- /home/arjuntina/Files/BU/Classes/Psychology/psychTextbook/Textbook.html [2ms]
2023-08-15 12:11:15.357 [info] > git cat-file -s 4080a4b8639bc9e053af43d792e4ebbaed8ff1a2 [2ms]
2023-08-15 12:11:15.554 [info] > git check-ignore -v -z --stdin [5ms]
2023-08-15 12:11:18.273 [info] > git status -z -uall [3199ms]
2023-08-15 12:11:18.288 [info] > git config --get commit.template [3ms]
2023-08-15 12:11:18.308 [info] > git for-each-ref --format=%(refname)%00%(upstream:short)%00%(objectname)%00%(upstream:track)%00%(upstream:remotename)%00%(upstream:remoteref) refs/heads/main refs/remotes/main [2ms]
2023-08-15 12:11:19.482 [info] > git status -z -uall [1170ms]
2023-08-15 12:11:29.757 [info] Log level: Info
2023-08-15 12:11:29.757 [info] Validating found git in: "git"
2023-08-15 12:11:29.757 [info] Using git "2.41.0" from "git"
2023-08-15 12:11:29.761 [info] > git rev-parse --show-toplevel [4ms]
2023-08-15 12:11:29.785 [info] > git rev-parse --git-dir --git-common-dir [7ms]
2023-08-15 12:11:29.797 [info] Open repository: /home/arjuntina/Files/BU/Classes/Psychology/psychTextbook
2023-08-15 12:11:29.810 [info] > git config --get commit.template [3ms]
2023-08-15 12:11:29.821 [info] > git for-each-ref --format=%(refname)%00%(upstream:short)%00%(objectname)%00%(upstream:track)%00%(upstream:remotename)%00%(upstream:remoteref) refs/heads/main refs/remotes/main [6ms]
2023-08-15 12:11:29.827 [info] > git rev-parse --show-toplevel [7ms]
2023-08-15 12:11:29.834 [info] > git rev-parse --show-toplevel [1ms]
2023-08-15 12:11:30.104 [info] > git show --textconv :Textbook.html [6ms]
2023-08-15 12:11:30.107 [info] > git ls-files --stage -- /home/arjuntina/Files/BU/Classes/Psychology/psychTextbook/Textbook.html [3ms]
2023-08-15 12:11:30.113 [info] > git cat-file -s 4080a4b8639bc9e053af43d792e4ebbaed8ff1a2 [2ms]
2023-08-15 12:11:30.320 [info] > git check-ignore -v -z --stdin [3ms]
2023-08-15 12:11:31.121 [info] > git status -z -uall [1295ms]
2023-08-15 12:11:31.134 [info] > git config --get commit.template [2ms]
2023-08-15 12:11:31.153 [info] > git for-each-ref --format=%(refname)%00%(upstream:short)%00%(objectname)%00%(upstream:track)%00%(upstream:remotename)%00%(upstream:remoteref) refs/heads/main refs/remotes/main [3ms]
2023-08-15 12:11:32.643 [info] > git status -z -uall [1484ms]
2023-08-15 12:11:34.142 [info] > git show --textconv :Textbook.css [5ms]
2023-08-15 12:11:34.144 [info] > git ls-files --stage -- /home/arjuntina/Files/BU/Classes/Psychology/psychTextbook/Textbook.css [3ms]
2023-08-15 12:11:34.157 [info] > git cat-file -s bbbfd0cc824858ee9b71b363042836b7882ab60b [10ms]
2023-08-15 12:11:47.771 [info] > git check-ignore -v -z --stdin [3ms]
2023-08-15 12:11:49.475 [info] > git check-ignore -v -z --stdin [2ms]
2023-08-15 12:16:53.271 [info] Log level: Info
2023-08-15 12:16:53.271 [info] Validating found git in: "git"
2023-08-15 12:16:53.271 [info] Using git "2.41.0" from "git"
2023-08-15 12:16:53.271 [info] > git rev-parse --show-toplevel [13ms]
2023-08-15 12:16:53.280 [info] > git rev-parse --git-dir --git-common-dir [2ms]
2023-08-15 12:16:53.292 [info] Open repository: /home/arjuntina/Files/BU/Classes/Psychology/psychTextbook
2023-08-15 12:16:53.324 [info] > git config --get commit.template [10ms]
2023-08-15 12:16:53.332 [info] > git rev-parse --show-toplevel [8ms]
2023-08-15 12:16:53.341 [info] > git for-each-ref --format=%(refname)%00%(upstream:short)%00%(objectname)%00%(upstream:track)%00%(upstream:remotename)%00%(upstream:remoteref) refs/heads/main refs/remotes/main [3ms]
2023-08-15 12:16:53.364 [info] > git rev-parse --show-toplevel [8ms]
2023-08-15 12:16:53.840 [info] > git check-ignore -v -z --stdin [4ms]
2023-08-15 12:16:54.543 [info] > git status -z -uall [1196ms]
2023-08-15 12:16:54.558 [info] > git config --get commit.template [2ms]
2023-08-15 12:16:54.575 [info] > git for-each-ref --format=%(refname)%00%(upstream:short)%00%(objectname)%00%(upstream:track)%00%(upstream:remotename)%00%(upstream:remoteref) refs/heads/main refs/remotes/main [2ms]
2023-08-15 12:16:55.780 [info] > git status -z -uall [1201ms]
2023-08-15 12:17:08.937 [info] > git show --textconv :Textbook [5ms]
2023-08-15 12:17:08.939 [info] > git ls-files --stage -- /home/arjuntina/Files/BU/Classes/Psychology/psychTextbook/Textbook [3ms]
2023-08-15 12:17:11.103 [info] > git show --textconv :Textbook.css [5ms]
2023-08-15 12:17:11.106 [info] > git ls-files --stage -- /home/arjuntina/Files/BU/Classes/Psychology/psychTextbook/Textbook.css [3ms]
2023-08-15 12:17:11.112 [info] > git cat-file -s bbbfd0cc824858ee9b71b363042836b7882ab60b [1ms]
2023-08-15 12:17:12.364 [info] > git show --textconv :Textbook [5ms]
2023-08-15 12:17:12.366 [info] > git ls-files --stage -- /home/arjuntina/Files/BU/Classes/Psychology/psychTextbook/Textbook [2ms]
2023-08-15 12:17:27.543 [info] > git config --get commit.template [2ms]
2023-08-15 12:17:27.548 [info] > git for-each-ref --format=%(refname)%00%(upstream:short)%00%(objectname)%00%(upstream:track)%00%(upstream:remotename)%00%(upstream:remoteref) refs/heads/main refs/remotes/main [1ms]
2023-08-15 12:17:28.671 [info] > git status -z -uall [1119ms]
