2023-10-05 08:37:57.858 [info] Log level: Info
2023-10-05 08:37:57.858 [info] Validating found git in: "git"
2023-10-05 08:37:57.858 [info] Using git "2.42.0" from "git"
2023-10-05 08:39:22.011 [info] Log level: Info
2023-10-05 08:39:22.011 [info] Validating found git in: "git"
2023-10-05 08:39:22.011 [info] Using git "2.42.0" from "git"
2023-10-05 08:40:15.249 [info] Log level: Info
2023-10-05 08:40:15.249 [info] Validating found git in: "git"
2023-10-05 08:40:15.249 [info] Using git "2.42.0" from "git"
2023-10-05 08:40:15.249 [info] > git rev-parse --show-toplevel [11ms]
2023-10-05 08:40:15.249 [info] fatal: not a git repository (or any of the parent directories): .git
2023-10-05 08:40:22.317 [info] > git rev-parse --show-toplevel [1ms]
2023-10-05 08:40:22.317 [info] fatal: not a git repository (or any of the parent directories): .git
2023-10-05 08:40:24.407 [info] > git rev-parse --show-toplevel [5ms]
2023-10-05 08:40:24.407 [info] fatal: not a git repository (or any of the parent directories): .git
2023-10-05 08:42:00.720 [info] > git rev-parse --show-toplevel [1ms]
2023-10-05 08:42:00.720 [info] fatal: not a git repository (or any of the parent directories): .git
2023-10-05 08:43:23.667 [info] > git rev-parse --show-toplevel [2ms]
2023-10-05 08:43:23.667 [info] fatal: not a git repository (or any of the parent directories): .git
2023-10-05 08:43:29.989 [info] > git rev-parse --show-toplevel [1ms]
2023-10-05 08:43:29.989 [info] fatal: not a git repository (or any of the parent directories): .git
2023-10-05 08:44:41.023 [info] > git rev-parse --show-toplevel [2ms]
2023-10-05 08:44:41.023 [info] fatal: not a git repository (or any of the parent directories): .git
2023-10-05 08:44:42.202 [info] > git rev-parse --show-toplevel [3ms]
2023-10-05 08:44:42.202 [info] fatal: not a git repository (or any of the parent directories): .git
2023-10-05 08:44:53.794 [info] Log level: Info
2023-10-05 08:44:53.794 [info] Validating found git in: "git"
2023-10-05 08:44:53.794 [info] Using git "2.42.0" from "git"
2023-10-05 08:44:53.794 [info] > git rev-parse --show-toplevel [4ms]
2023-10-05 08:44:53.794 [info] fatal: not a git repository (or any of the parent directories): .git
2023-10-05 08:44:53.794 [info] > git rev-parse --show-toplevel [11ms]
2023-10-05 08:44:53.794 [info] fatal: not a git repository (or any of the parent directories): .git
2023-10-05 08:44:54.105 [info] > git rev-parse --show-toplevel [2ms]
2023-10-05 08:44:54.105 [info] fatal: not a git repository (or any of the parent directories): .git
2023-10-05 08:44:54.628 [info] > git rev-parse --show-toplevel [1ms]
2023-10-05 08:44:54.628 [info] fatal: not a git repository (or any of the parent directories): .git
2023-10-05 08:46:40.289 [info] > git rev-parse --show-toplevel [2ms]
2023-10-05 08:46:40.289 [info] fatal: not a git repository (or any of the parent directories): .git
2023-10-05 08:46:58.129 [info] > git rev-parse --show-toplevel [2ms]
2023-10-05 08:46:58.129 [info] fatal: not a git repository (or any of the parent directories): .git
2023-10-05 08:47:03.003 [info] > git rev-parse --show-toplevel [2ms]
2023-10-05 08:47:03.003 [info] fatal: not a git repository (or any of the parent directories): .git
2023-10-05 08:49:10.948 [info] > git rev-parse --show-toplevel [3ms]
2023-10-05 08:49:10.948 [info] fatal: not a git repository (or any of the parent directories): .git
2023-10-05 08:49:11.200 [info] > git rev-parse --show-toplevel [1ms]
2023-10-05 08:49:11.200 [info] fatal: not a git repository (or any of the parent directories): .git
2023-10-05 08:49:54.408 [info] > git rev-parse --show-toplevel [1ms]
2023-10-05 08:49:54.408 [info] fatal: not a git repository (or any of the parent directories): .git
2023-10-05 08:50:05.564 [info] > git rev-parse --show-toplevel [3ms]
2023-10-05 08:50:05.564 [info] fatal: not a git repository (or any of the parent directories): .git
2023-10-05 08:50:08.410 [info] > git rev-parse --show-toplevel [1ms]
2023-10-05 08:50:08.410 [info] fatal: not a git repository (or any of the parent directories): .git
2023-10-05 08:50:13.168 [info] > git rev-parse --show-toplevel [3ms]
2023-10-05 08:50:13.168 [info] fatal: not a git repository (or any of the parent directories): .git
2023-10-05 08:50:27.024 [info] > git rev-parse --show-toplevel [1ms]
2023-10-05 08:50:27.024 [info] fatal: not a git repository (or any of the parent directories): .git
