2023-10-05 08:37:56.637 [info] Added views:workbench.panel.markers.view in workbench.panel.markers
2023-10-05 08:37:56.637 [info] Added views:workbench.panel.output in workbench.panel.output
2023-10-05 08:37:56.637 [info] Added views:terminal in terminal
2023-10-05 08:37:56.637 [info] Added views:outline in workbench.view.explorer
2023-10-05 08:37:56.637 [info] Added views:workbench.scm in workbench.view.scm
2023-10-05 08:37:56.637 [info] Added views:workbench.view.search in workbench.view.search
2023-10-05 08:37:56.637 [info] Added views:timeline in workbench.view.explorer
2023-10-05 08:37:56.637 [info] Added views:workbench.explorer.emptyView in workbench.view.explorer
2023-10-05 08:37:57.139 [info] Added views:PowerShellCommands in workbench.view.extension.PowerShell
2023-10-05 08:37:57.234 [info] Added views:workbench.debug.variablesView,workbench.debug.watchExpressionsView,workbench.debug.callStackView,workbench.debug.breakPointsView in workbench.view.debug
2023-10-05 08:37:57.259 [info] Added views:workbench.panel.repl.view in workbench.panel.repl
2023-10-05 08:37:57.260 [info] Removed views:workbench.debug.breakPointsView,workbench.debug.callStackView,workbench.debug.watchExpressionsView,workbench.debug.variablesView from workbench.view.debug
2023-10-05 08:37:57.261 [info] Added views:workbench.debug.welcome in workbench.view.debug
2023-10-05 08:37:57.376 [info] Added views:~remote.forwardedPorts in ~remote.forwardedPortsContainer
2023-10-05 08:39:17.191 [info] Added views:workbench.views.extensions.installed,workbench.views.extensions.popular,extensions.recommendedList in workbench.view.extensions
2023-10-05 08:39:17.197 [info] Removed views:workbench.views.extensions.popular from workbench.view.extensions
2023-10-05 08:39:21.173 [info] Added views:workbench.panel.markers.view in workbench.panel.markers
2023-10-05 08:39:21.173 [info] Added views:workbench.panel.output in workbench.panel.output
2023-10-05 08:39:21.173 [info] Added views:terminal in terminal
2023-10-05 08:39:21.173 [info] Added views:outline in workbench.view.explorer
2023-10-05 08:39:21.173 [info] Added views:workbench.scm in workbench.view.scm
2023-10-05 08:39:21.173 [info] Added views:workbench.view.search in workbench.view.search
2023-10-05 08:39:21.173 [info] Added views:timeline in workbench.view.explorer
2023-10-05 08:39:21.173 [info] Added views:workbench.explorer.emptyView in workbench.view.explorer
2023-10-05 08:39:21.387 [info] Added views:PowerShellCommands in workbench.view.extension.PowerShell
2023-10-05 08:39:21.590 [info] Added views:workbench.debug.welcome in workbench.view.debug
2023-10-05 08:39:21.652 [info] Added views:workbench.panel.repl.view in workbench.panel.repl
2023-10-05 08:39:21.764 [info] Added views:~remote.forwardedPorts in ~remote.forwardedPortsContainer
2023-10-05 08:39:21.824 [info] Added views:workbench.views.extensions.installed,extensions.recommendedList in workbench.view.extensions
2023-10-05 08:40:11.400 [info] Added views:workbench.panel.markers.view in workbench.panel.markers
2023-10-05 08:40:11.400 [info] Added views:workbench.panel.output in workbench.panel.output
2023-10-05 08:40:11.400 [info] Added views:terminal in terminal
2023-10-05 08:40:11.400 [info] Added views:outline in workbench.view.explorer
2023-10-05 08:40:11.400 [info] Added views:workbench.scm in workbench.view.scm
2023-10-05 08:40:11.400 [info] Added views:workbench.view.search in workbench.view.search
2023-10-05 08:40:11.400 [info] Added views:timeline in workbench.view.explorer
2023-10-05 08:40:11.400 [info] Added views:workbench.explorer.fileView in workbench.view.explorer
2023-10-05 08:40:11.714 [info] Added views:workbench.debug.variablesView,workbench.debug.watchExpressionsView,workbench.debug.callStackView,workbench.debug.breakPointsView in workbench.view.debug
2023-10-05 08:40:11.776 [info] Added views:~remote.forwardedPorts in ~remote.forwardedPortsContainer
2023-10-05 08:40:11.922 [info] Added views:workbench.panel.repl.view in workbench.panel.repl
2023-10-05 08:40:11.925 [info] Removed views:workbench.debug.breakPointsView,workbench.debug.callStackView,workbench.debug.watchExpressionsView,workbench.debug.variablesView from workbench.view.debug
2023-10-05 08:40:11.925 [info] Added views:workbench.debug.welcome in workbench.view.debug
2023-10-05 08:40:15.087 [info] Added views:PowerShellCommands in workbench.view.extension.PowerShell
2023-10-05 08:40:34.781 [info] Added views:workbench.views.extensions.installed,workbench.views.extensions.popular,extensions.recommendedList in workbench.view.extensions
2023-10-05 08:40:34.784 [info] Removed views:workbench.views.extensions.popular from workbench.view.extensions
2023-10-05 08:40:37.460 [info] Removed views:extensions.recommendedList,workbench.views.extensions.installed from workbench.view.extensions
2023-10-05 08:40:37.475 [info] Added views:workbench.views.extensions.marketplace in workbench.view.extensions
2023-10-05 08:44:52.553 [info] Added views:workbench.panel.markers.view in workbench.panel.markers
2023-10-05 08:44:52.553 [info] Added views:workbench.panel.output in workbench.panel.output
2023-10-05 08:44:52.553 [info] Added views:terminal in terminal
2023-10-05 08:44:52.553 [info] Added views:outline in workbench.view.explorer
2023-10-05 08:44:52.553 [info] Added views:workbench.scm in workbench.view.scm
2023-10-05 08:44:52.553 [info] Added views:workbench.view.search in workbench.view.search
2023-10-05 08:44:52.553 [info] Added views:timeline in workbench.view.explorer
2023-10-05 08:44:52.553 [info] Added views:workbench.explorer.fileView in workbench.view.explorer
2023-10-05 08:44:52.717 [info] Added views:workbench.debug.welcome in workbench.view.debug
2023-10-05 08:44:53.087 [info] Added views:PowerShellCommands in workbench.view.extension.PowerShell
2023-10-05 08:44:53.329 [info] Added views:workbench.panel.repl.view in workbench.panel.repl
2023-10-05 08:44:53.879 [info] Added views:~remote.forwardedPorts in ~remote.forwardedPortsContainer
2023-10-05 08:44:53.944 [info] Added views:workbench.views.extensions.installed,extensions.recommendedList in workbench.view.extensions
2023-10-05 08:44:57.487 [info] Removed views:extensions.recommendedList,workbench.views.extensions.installed from workbench.view.extensions
2023-10-05 08:44:57.504 [info] Added views:workbench.views.extensions.marketplace in workbench.view.extensions
