2023-10-11 12:11:23.753 [info] Getting Manifest... ms-python.python
2023-10-11 12:11:23.762 [info] Getting Manifest... vscodevim.vim
2023-10-11 12:11:24.341 [info] Installing extension: vscodevim.vim
2023-10-11 12:11:24.431 [info] Installing extension: ms-python.python
2023-10-11 12:11:25.608 [info] Extension signature verification is not done: vscodevim.vim
2023-10-11 12:11:25.695 [info] Extracted extension to file:///home/arjuntina/.vscode-oss/extensions/vscodevim.vim-1.26.1-universal: vscodevim.vim
2023-10-11 12:11:25.700 [info] Renamed to /home/arjuntina/.vscode-oss/extensions/vscodevim.vim-1.26.1-universal
2023-10-11 12:11:25.704 [info] Extracting extension completed. vscodevim.vim
2023-10-11 12:11:25.718 [info] Extension installed successfully: vscodevim.vim
2023-10-11 12:11:25.722 [info] Marked extension as uninstalled vscodevim.vim-1.26.0-universal
2023-10-11 12:11:25.798 [error] [uncaught exception in sharedProcess]: Error: ENOENT: no such file or directory, stat '/home/arjuntina/.vscode-oss/extensions/extensions.json.vsctmp': EntryNotFound (FileSystemError): Error: ENOENT: no such file or directory, stat '/home/arjuntina/.vscode-oss/extensions/extensions.json.vsctmp'
    at s.create (/usr/share/vscodium/resources/app/out/vs/code/node/sharedProcess/sharedProcessMain.js:51:36019)
    at i (/usr/share/vscodium/resources/app/out/vs/code/node/sharedProcess/sharedProcessMain.js:51:36159)
    at t.toFileSystemProviderError (/usr/share/vscodium/resources/app/out/vs/code/node/sharedProcess/sharedProcessMain.js:56:47093)
    at t.stat (/usr/share/vscodium/resources/app/out/vs/code/node/sharedProcess/sharedProcessMain.js:56:37859)
    at async p.stat (/usr/share/vscodium/resources/app/out/vs/code/node/sharedProcess/sharedProcessMain.js:56:20678)
    at async K.onDidFilesChange (/usr/share/vscodium/resources/app/out/vs/code/node/sharedProcess/sharedProcessMain.js:109:12660)
2023-10-11 12:11:32.076 [info] Extension signature verification is not done: ms-python.python
2023-10-11 12:11:32.867 [info] Extracted extension to file:///home/arjuntina/.vscode-oss/extensions/ms-python.python-2023.18.0-universal: ms-python.python
2023-10-11 12:11:32.876 [info] Renamed to /home/arjuntina/.vscode-oss/extensions/ms-python.python-2023.18.0-universal
2023-10-11 12:11:32.883 [info] Extracting extension completed. ms-python.python
2023-10-11 12:11:32.893 [info] Extension installed successfully: ms-python.python
2023-10-11 12:11:32.899 [info] Marked extension as uninstalled ms-python.python-2023.16.0-universal
2023-10-11 12:11:32.968 [error] [uncaught exception in sharedProcess]: Error: ENOENT: no such file or directory, stat '/home/arjuntina/.vscode-oss/extensions/extensions.json.vsctmp': EntryNotFound (FileSystemError): Error: ENOENT: no such file or directory, stat '/home/arjuntina/.vscode-oss/extensions/extensions.json.vsctmp'
    at s.create (/usr/share/vscodium/resources/app/out/vs/code/node/sharedProcess/sharedProcessMain.js:51:36019)
    at i (/usr/share/vscodium/resources/app/out/vs/code/node/sharedProcess/sharedProcessMain.js:51:36159)
    at t.toFileSystemProviderError (/usr/share/vscodium/resources/app/out/vs/code/node/sharedProcess/sharedProcessMain.js:56:47093)
    at t.stat (/usr/share/vscodium/resources/app/out/vs/code/node/sharedProcess/sharedProcessMain.js:56:37859)
    at async p.stat (/usr/share/vscodium/resources/app/out/vs/code/node/sharedProcess/sharedProcessMain.js:56:20678)
    at async K.onDidFilesChange (/usr/share/vscodium/resources/app/out/vs/code/node/sharedProcess/sharedProcessMain.js:109:12660)
