2023-10-05 08:37:57.747 [info] Deleted uninstalled extension from disk mjpvs.latex-previewer /home/arjuntina/.vscode-oss/extensions/mjpvs.latex-previewer-0.9.5-universal
2023-10-05 08:37:57.747 [info] Deleted uninstalled extension from disk kylinideteam.vscode-java-debug /home/arjuntina/.vscode-oss/extensions/kylinideteam.vscode-java-debug-0.1.4-universal
2023-10-05 08:37:57.748 [info] Deleted uninstalled extension from disk kylinideteam.java /home/arjuntina/.vscode-oss/extensions/kylinideteam.java-0.1.6-universal
2023-10-05 08:37:57.798 [error] [uncaught exception in sharedProcess]: Error: ENOENT: no such file or directory, stat '/home/arjuntina/.vscode-oss/extensions/mjpvs.latex-previewer-0.9.5-universal.ebaa196.vsctmp': EntryNotFound (FileSystemError): Error: ENOENT: no such file or directory, stat '/home/arjuntina/.vscode-oss/extensions/mjpvs.latex-previewer-0.9.5-universal.ebaa196.vsctmp'
    at s.create (/usr/share/vscodium/resources/app/out/vs/code/node/sharedProcess/sharedProcessMain.js:51:36019)
    at i (/usr/share/vscodium/resources/app/out/vs/code/node/sharedProcess/sharedProcessMain.js:51:36159)
    at t.toFileSystemProviderError (/usr/share/vscodium/resources/app/out/vs/code/node/sharedProcess/sharedProcessMain.js:56:47093)
    at t.stat (/usr/share/vscodium/resources/app/out/vs/code/node/sharedProcess/sharedProcessMain.js:56:37859)
    at async p.stat (/usr/share/vscodium/resources/app/out/vs/code/node/sharedProcess/sharedProcessMain.js:56:20678)
    at async K.onDidFilesChange (/usr/share/vscodium/resources/app/out/vs/code/node/sharedProcess/sharedProcessMain.js:109:12660)
2023-10-05 08:38:00.494 [info] Getting Manifest... catppuccin.catppuccin-vsc-icons
2023-10-05 08:38:00.500 [info] Getting Manifest... ms-python.python
2023-10-05 08:38:00.500 [info] Getting Manifest... vscodevim.vim
2023-10-05 08:38:01.127 [info] Installing extension: catppuccin.catppuccin-vsc-icons
2023-10-05 08:38:01.211 [info] Installing extension: vscodevim.vim
2023-10-05 08:38:01.295 [info] Installing extension: ms-python.python
2023-10-05 08:38:03.064 [info] Extension signature verification is not done: vscodevim.vim
2023-10-05 08:38:03.140 [info] Extracted extension to file:///home/arjuntina/.vscode-oss/extensions/vscodevim.vim-1.26.0-universal: vscodevim.vim
2023-10-05 08:38:03.145 [info] Renamed to /home/arjuntina/.vscode-oss/extensions/vscodevim.vim-1.26.0-universal
2023-10-05 08:38:03.146 [info] Extracting extension completed. vscodevim.vim
2023-10-05 08:38:03.155 [info] Extension installed successfully: vscodevim.vim
2023-10-05 08:38:03.158 [info] Marked extension as uninstalled vscodevim.vim-1.25.2-universal
2023-10-05 08:38:03.229 [error] [uncaught exception in sharedProcess]: Error: ENOENT: no such file or directory, stat '/home/arjuntina/.vscode-oss/extensions/extensions.json.vsctmp': EntryNotFound (FileSystemError): Error: ENOENT: no such file or directory, stat '/home/arjuntina/.vscode-oss/extensions/extensions.json.vsctmp'
    at s.create (/usr/share/vscodium/resources/app/out/vs/code/node/sharedProcess/sharedProcessMain.js:51:36019)
    at i (/usr/share/vscodium/resources/app/out/vs/code/node/sharedProcess/sharedProcessMain.js:51:36159)
    at t.toFileSystemProviderError (/usr/share/vscodium/resources/app/out/vs/code/node/sharedProcess/sharedProcessMain.js:56:47093)
    at t.stat (/usr/share/vscodium/resources/app/out/vs/code/node/sharedProcess/sharedProcessMain.js:56:37859)
    at async p.stat (/usr/share/vscodium/resources/app/out/vs/code/node/sharedProcess/sharedProcessMain.js:56:20678)
    at async K.onDidFilesChange (/usr/share/vscodium/resources/app/out/vs/code/node/sharedProcess/sharedProcessMain.js:109:12660)
2023-10-05 08:38:03.770 [info] Extension signature verification is not done: catppuccin.catppuccin-vsc-icons
2023-10-05 08:38:04.441 [info] Extracted extension to file:///home/arjuntina/.vscode-oss/extensions/catppuccin.catppuccin-vsc-icons-0.28.0-universal: catppuccin.catppuccin-vsc-icons
2023-10-05 08:38:04.448 [info] Renamed to /home/arjuntina/.vscode-oss/extensions/catppuccin.catppuccin-vsc-icons-0.28.0-universal
2023-10-05 08:38:04.450 [info] Extracting extension completed. catppuccin.catppuccin-vsc-icons
2023-10-05 08:38:04.456 [info] Extension installed successfully: catppuccin.catppuccin-vsc-icons
2023-10-05 08:38:04.459 [info] Marked extension as uninstalled catppuccin.catppuccin-vsc-icons-0.27.0-universal
2023-10-05 08:38:04.531 [error] [uncaught exception in sharedProcess]: Error: ENOENT: no such file or directory, stat '/home/arjuntina/.vscode-oss/extensions/extensions.json.vsctmp': EntryNotFound (FileSystemError): Error: ENOENT: no such file or directory, stat '/home/arjuntina/.vscode-oss/extensions/extensions.json.vsctmp'
    at s.create (/usr/share/vscodium/resources/app/out/vs/code/node/sharedProcess/sharedProcessMain.js:51:36019)
    at i (/usr/share/vscodium/resources/app/out/vs/code/node/sharedProcess/sharedProcessMain.js:51:36159)
    at t.toFileSystemProviderError (/usr/share/vscodium/resources/app/out/vs/code/node/sharedProcess/sharedProcessMain.js:56:47093)
    at t.stat (/usr/share/vscodium/resources/app/out/vs/code/node/sharedProcess/sharedProcessMain.js:56:37859)
    at async p.stat (/usr/share/vscodium/resources/app/out/vs/code/node/sharedProcess/sharedProcessMain.js:56:20678)
    at async K.onDidFilesChange (/usr/share/vscodium/resources/app/out/vs/code/node/sharedProcess/sharedProcessMain.js:109:12660)
2023-10-05 08:39:10.442 [info] Extension signature verification is not done: ms-python.python
2023-10-05 08:39:11.909 [info] Extracted extension to file:///home/arjuntina/.vscode-oss/extensions/ms-python.python-2023.16.0-universal: ms-python.python
2023-10-05 08:39:11.918 [info] Renamed to /home/arjuntina/.vscode-oss/extensions/ms-python.python-2023.16.0-universal
2023-10-05 08:39:11.924 [info] Extracting extension completed. ms-python.python
2023-10-05 08:39:11.932 [info] Extension installed successfully: ms-python.python
2023-10-05 08:39:11.939 [info] Marked extension as uninstalled ms-python.python-2023.14.0-universal
2023-10-05 08:39:12.018 [error] [uncaught exception in sharedProcess]: Error: ENOENT: no such file or directory, stat '/home/arjuntina/.vscode-oss/extensions/extensions.json.vsctmp': EntryNotFound (FileSystemError): Error: ENOENT: no such file or directory, stat '/home/arjuntina/.vscode-oss/extensions/extensions.json.vsctmp'
    at s.create (/usr/share/vscodium/resources/app/out/vs/code/node/sharedProcess/sharedProcessMain.js:51:36019)
    at i (/usr/share/vscodium/resources/app/out/vs/code/node/sharedProcess/sharedProcessMain.js:51:36159)
    at t.toFileSystemProviderError (/usr/share/vscodium/resources/app/out/vs/code/node/sharedProcess/sharedProcessMain.js:56:47093)
    at t.stat (/usr/share/vscodium/resources/app/out/vs/code/node/sharedProcess/sharedProcessMain.js:56:37859)
    at async p.stat (/usr/share/vscodium/resources/app/out/vs/code/node/sharedProcess/sharedProcessMain.js:56:20678)
    at async K.onDidFilesChange (/usr/share/vscodium/resources/app/out/vs/code/node/sharedProcess/sharedProcessMain.js:109:12660)
2023-10-05 08:41:04.577 [info] Getting Manifest... kylinideteam.java
2023-10-05 08:41:04.700 [info] Installing extension: kylinideteam.java
2023-10-05 08:41:15.147 [info] Getting Manifest... redhat.java
2023-10-05 08:41:15.309 [info] Installing extension: redhat.java
2023-10-05 08:44:40.437 [info] Extension signature verification is not done: kylinideteam.java
2023-10-05 08:44:40.956 [info] Extracted extension to file:///home/arjuntina/.vscode-oss/extensions/kylinideteam.java-0.1.6-universal: kylinideteam.java
2023-10-05 08:44:40.959 [info] Renamed to /home/arjuntina/.vscode-oss/extensions/kylinideteam.java-0.1.6-universal
2023-10-05 08:44:40.963 [info] Extracting extension completed. kylinideteam.java
2023-10-05 08:44:40.971 [info] Extension installed successfully: kylinideteam.java
2023-10-05 08:44:41.049 [error] [uncaught exception in sharedProcess]: Error: ENOENT: no such file or directory, stat '/home/arjuntina/.vscode-oss/extensions/extensions.json.vsctmp': EntryNotFound (FileSystemError): Error: ENOENT: no such file or directory, stat '/home/arjuntina/.vscode-oss/extensions/extensions.json.vsctmp'
    at s.create (/usr/share/vscodium/resources/app/out/vs/code/node/sharedProcess/sharedProcessMain.js:51:36019)
    at i (/usr/share/vscodium/resources/app/out/vs/code/node/sharedProcess/sharedProcessMain.js:51:36159)
    at t.toFileSystemProviderError (/usr/share/vscodium/resources/app/out/vs/code/node/sharedProcess/sharedProcessMain.js:56:47093)
    at t.stat (/usr/share/vscodium/resources/app/out/vs/code/node/sharedProcess/sharedProcessMain.js:56:37859)
    at async p.stat (/usr/share/vscodium/resources/app/out/vs/code/node/sharedProcess/sharedProcessMain.js:56:20678)
    at async K.onDidFilesChange (/usr/share/vscodium/resources/app/out/vs/code/node/sharedProcess/sharedProcessMain.js:109:12660)
2023-10-05 08:44:46.635 [info] Uninstalling extension from the profile: kylinideteam.java@0.1.6 vscode-userdata:/home/arjuntina/.vscode-oss/extensions/extensions.json
2023-10-05 08:44:46.664 [info] Marked extension as uninstalled kylinideteam.java-0.1.6-universal
2023-10-05 08:44:46.734 [error] [uncaught exception in sharedProcess]: Error: ENOENT: no such file or directory, stat '/home/arjuntina/.vscode-oss/extensions/extensions.json.vsctmp': EntryNotFound (FileSystemError): Error: ENOENT: no such file or directory, stat '/home/arjuntina/.vscode-oss/extensions/extensions.json.vsctmp'
    at s.create (/usr/share/vscodium/resources/app/out/vs/code/node/sharedProcess/sharedProcessMain.js:51:36019)
    at i (/usr/share/vscodium/resources/app/out/vs/code/node/sharedProcess/sharedProcessMain.js:51:36159)
    at t.toFileSystemProviderError (/usr/share/vscodium/resources/app/out/vs/code/node/sharedProcess/sharedProcessMain.js:56:47093)
    at t.stat (/usr/share/vscodium/resources/app/out/vs/code/node/sharedProcess/sharedProcessMain.js:56:37859)
    at async p.stat (/usr/share/vscodium/resources/app/out/vs/code/node/sharedProcess/sharedProcessMain.js:56:20678)
    at async K.onDidFilesChange (/usr/share/vscodium/resources/app/out/vs/code/node/sharedProcess/sharedProcessMain.js:109:12660)
2023-10-05 08:44:46.760 [info] Successfully uninstalled extension from the profile kylinideteam.java@0.1.6 vscode-userdata:/home/arjuntina/.vscode-oss/extensions/extensions.json
2023-10-05 08:45:00.336 [info] Getting Manifest... redhat.java
2023-10-05 08:45:00.464 [info] Extensions is already requested to install redhat.java
2023-10-05 08:49:09.479 [info] Extension signature verification is not done: redhat.java
2023-10-05 08:49:10.853 [info] Extracted extension to file:///home/arjuntina/.vscode-oss/extensions/redhat.java-1.23.0-linux-x64: redhat.java
2023-10-05 08:49:10.861 [info] Renamed to /home/arjuntina/.vscode-oss/extensions/redhat.java-1.23.0-linux-x64
2023-10-05 08:49:10.863 [info] Extracting extension completed. redhat.java
2023-10-05 08:49:10.871 [info] Extension installed successfully: redhat.java
2023-10-05 08:49:10.946 [error] [uncaught exception in sharedProcess]: Error: ENOENT: no such file or directory, stat '/home/arjuntina/.vscode-oss/extensions/extensions.json.vsctmp': EntryNotFound (FileSystemError): Error: ENOENT: no such file or directory, stat '/home/arjuntina/.vscode-oss/extensions/extensions.json.vsctmp'
    at s.create (/usr/share/vscodium/resources/app/out/vs/code/node/sharedProcess/sharedProcessMain.js:51:36019)
    at i (/usr/share/vscodium/resources/app/out/vs/code/node/sharedProcess/sharedProcessMain.js:51:36159)
    at t.toFileSystemProviderError (/usr/share/vscodium/resources/app/out/vs/code/node/sharedProcess/sharedProcessMain.js:56:47093)
    at t.stat (/usr/share/vscodium/resources/app/out/vs/code/node/sharedProcess/sharedProcessMain.js:56:37859)
    at async p.stat (/usr/share/vscodium/resources/app/out/vs/code/node/sharedProcess/sharedProcessMain.js:56:20678)
    at async K.onDidFilesChange (/usr/share/vscodium/resources/app/out/vs/code/node/sharedProcess/sharedProcessMain.js:109:12660)
