2023-08-15 12:11:13.429 [info] Added views:workbench.panel.markers.view in workbench.panel.markers
2023-08-15 12:11:13.429 [info] Added views:workbench.panel.output in workbench.panel.output
2023-08-15 12:11:13.429 [info] Added views:terminal in terminal
2023-08-15 12:11:13.429 [info] Added views:outline in workbench.view.explorer
2023-08-15 12:11:13.429 [info] Added views:workbench.scm in workbench.view.scm
2023-08-15 12:11:13.429 [info] Added views:workbench.view.search in workbench.view.search
2023-08-15 12:11:13.429 [info] Added views:timeline in workbench.view.explorer
2023-08-15 12:11:13.429 [info] Added views:workbench.explorer.fileView in workbench.view.explorer
2023-08-15 12:11:13.662 [info] Added views:workbench.debug.welcome in workbench.view.debug
2023-08-15 12:11:14.286 [info] Added views:workbench.panel.repl.view in workbench.panel.repl
2023-08-15 12:11:20.060 [info] Added views:workbench.views.extensions.installed,workbench.views.extensions.popular,extensions.recommendedList in workbench.view.extensions
2023-08-15 12:11:20.066 [info] Removed views:workbench.views.extensions.popular from workbench.view.extensions
2023-08-15 12:11:28.552 [info] Added views:workbench.panel.markers.view in workbench.panel.markers
2023-08-15 12:11:28.552 [info] Added views:workbench.panel.output in workbench.panel.output
2023-08-15 12:11:28.552 [info] Added views:terminal in terminal
2023-08-15 12:11:28.552 [info] Added views:outline in workbench.view.explorer
2023-08-15 12:11:28.552 [info] Added views:workbench.scm in workbench.view.scm
2023-08-15 12:11:28.552 [info] Added views:workbench.view.search in workbench.view.search
2023-08-15 12:11:28.552 [info] Added views:timeline in workbench.view.explorer
2023-08-15 12:11:28.552 [info] Added views:workbench.explorer.fileView in workbench.view.explorer
2023-08-15 12:11:28.697 [info] Added views:workbench.debug.welcome in workbench.view.debug
2023-08-15 12:11:29.103 [info] Added views:workbench.panel.repl.view in workbench.panel.repl
2023-08-15 12:11:29.437 [info] Added views:workbench.views.extensions.installed,workbench.views.extensions.popular,extensions.recommendedList in workbench.view.extensions
2023-08-15 12:11:46.003 [info] Removed views:extensions.recommendedList,workbench.views.extensions.popular,workbench.views.extensions.installed from workbench.view.extensions
2023-08-15 12:11:46.019 [info] Added views:workbench.views.extensions.marketplace in workbench.view.extensions
2023-08-15 12:16:16.514 [info] Removed views:workbench.views.extensions.marketplace from workbench.view.extensions
2023-08-15 12:16:16.548 [info] Added views:workbench.views.extensions.installed,workbench.views.extensions.popular,extensions.recommendedList in workbench.view.extensions
2023-08-15 12:16:40.883 [info] Added views:PowerShellCommands in workbench.view.extension.PowerShell
2023-08-15 12:16:52.574 [info] Added views:workbench.panel.markers.view in workbench.panel.markers
2023-08-15 12:16:52.574 [info] Added views:workbench.panel.output in workbench.panel.output
2023-08-15 12:16:52.574 [info] Added views:terminal in terminal
2023-08-15 12:16:52.574 [info] Added views:outline in workbench.view.explorer
2023-08-15 12:16:52.574 [info] Added views:workbench.scm in workbench.view.scm
2023-08-15 12:16:52.574 [info] Added views:workbench.view.search in workbench.view.search
2023-08-15 12:16:52.574 [info] Added views:timeline in workbench.view.explorer
2023-08-15 12:16:52.574 [info] Added views:workbench.explorer.fileView in workbench.view.explorer
2023-08-15 12:16:52.773 [info] Added views:PowerShellCommands in workbench.view.extension.PowerShell
2023-08-15 12:16:52.928 [info] Added views:workbench.debug.welcome in workbench.view.debug
2023-08-15 12:16:52.958 [info] Added views:workbench.panel.repl.view in workbench.panel.repl
