2023-08-15 12:11:18.315 [info] Reading sessions from keychain...
2023-08-15 12:11:18.315 [info] Getting sessions for all scopes...
2023-08-15 12:11:18.315 [info] Got 0 sessions for ...
2023-08-15 12:11:18.315 [info] Getting sessions for read:user,repo,user:email,workflow...
2023-08-15 12:11:18.315 [info] Got 0 sessions for read:user,repo,user:email,workflow...
2023-08-15 12:11:18.316 [info] Getting sessions for all scopes...
2023-08-15 12:11:18.316 [info] Got 0 sessions for ...
2023-08-15 12:11:31.160 [info] Reading sessions from keychain...
2023-08-15 12:11:31.160 [info] Getting sessions for all scopes...
2023-08-15 12:11:31.160 [info] Got 0 sessions for ...
2023-08-15 12:11:31.180 [info] Getting sessions for read:user,repo,user:email,workflow...
2023-08-15 12:11:31.180 [info] Got 0 sessions for read:user,repo,user:email,workflow...
2023-08-15 12:11:31.188 [info] Getting sessions for all scopes...
2023-08-15 12:11:31.188 [info] Got 0 sessions for ...
2023-08-15 12:16:54.582 [info] Reading sessions from keychain...
2023-08-15 12:16:54.582 [info] Getting sessions for all scopes...
2023-08-15 12:16:54.582 [info] Got 0 sessions for ...
2023-08-15 12:16:54.582 [info] Getting sessions for all scopes...
2023-08-15 12:16:54.582 [info] Got 0 sessions for ...
2023-08-15 12:16:54.582 [info] Getting sessions for read:user,repo,user:email,workflow...
2023-08-15 12:16:54.582 [info] Got 0 sessions for read:user,repo,user:email,workflow...
