2023-10-18T02:08:47.040Z 0: 

----------------------------------------------
2023-10-18T02:08:47.065Z 1: Discord starting: {"releaseChannel":"stable","version":"0.0.32"}, modulepath: /home/arjuntina/.config/discord/0.0.32/modules
2023-10-18T02:08:47.072Z 2: ✅ webContents.created web1 ""
2023-10-18T02:08:47.080Z 3: ✅ window.created win1 "discord"
2023-10-18T02:08:47.399Z 4: ✅ webContents.did-finish-load web1
2023-10-18T02:08:55.491Z 5: ✅ webContents.created web2 ""
2023-10-18T02:08:55.501Z 6: ✅ window.created win2 "Discord"
2023-10-18T02:08:59.345Z 7: ✅ webContents.did-finish-load web2
2023-10-18T02:08:59.446Z 8: window.close win1
2023-10-18T02:08:59.454Z 9: webContents.destroyed web1
2023-10-18T02:08:59.456Z 10: window.closed win1
2023-10-18T02:14:52.456Z 11: window.close win2
2023-10-18T02:14:52.464Z 12: window.close win2
2023-10-18T02:14:52.550Z 13: webContents.destroyed web2
2023-10-18T02:14:54.744Z 0: 

----------------------------------------------
2023-10-18T02:14:54.763Z 1: Discord starting: {"releaseChannel":"stable","version":"0.0.32"}, modulepath: /home/arjuntina/.config/discord/0.0.32/modules
2023-10-18T02:14:54.765Z 2: ✅ webContents.created web1 ""
2023-10-18T02:14:54.766Z 3: ✅ window.created win1 "discord"
2023-10-18T02:14:54.956Z 4: ✅ webContents.did-finish-load web1
2023-10-18T02:15:56.788Z 5: window.close win1
2023-10-18T02:15:56.800Z 6: webContents.destroyed web1
2023-10-18T02:16:10.148Z 0: 

----------------------------------------------
2023-10-18T02:16:10.157Z 1: Discord starting: {"releaseChannel":"stable","version":"0.0.32"}, modulepath: /home/arjuntina/.config/discord/0.0.32/modules
2023-10-18T02:16:10.168Z 2: ✅ webContents.created web1 ""
2023-10-18T02:16:10.170Z 3: ✅ window.created win1 "discord"
2023-10-18T02:16:10.335Z 4: ✅ webContents.did-finish-load web1
2023-10-18T02:16:10.616Z 5: ✅ webContents.created web2 ""
2023-10-18T02:16:10.623Z 6: ✅ window.created win2 "Discord"
2023-10-18T02:16:13.916Z 7: ✅ webContents.did-finish-load web2
2023-10-18T02:16:14.016Z 8: window.close win1
2023-10-18T02:16:14.020Z 9: webContents.destroyed web1
2023-10-18T02:16:14.021Z 10: window.closed win1
2023-10-18T02:28:14.853Z 11: window.close win2
