2023-08-11 15:10:21.419 [info] Started initializing default profile extensions in extensions installation folder. file:///home/arjuntina/.vscode-oss/extensions
2023-08-11 15:10:21.580 [warning] Failed to create default profile extensions manifest in extensions installation folder. file:///home/arjuntina/.vscode-oss/extensions Unable to create file 'vscode-userdata:/home/arjuntina/.vscode-oss/extensions/extensions.json' that already exists when overwrite flag is not set
2023-08-11 15:10:21.581 [info] Completed initializing default profile extensions in extensions installation folder. file:///home/arjuntina/.vscode-oss/extensions
2023-08-11 15:11:34.096 [info] Getting Manifest... catppuccin.catppuccin-vsc-icons
2023-08-11 15:11:35.930 [info] Installing extension: catppuccin.catppuccin-vsc-icons
2023-08-11 15:11:38.717 [info] Extension signature verification is not done: catppuccin.catppuccin-vsc-icons
2023-08-11 15:11:39.291 [info] Extracted extension to file:///home/arjuntina/.vscode-oss/extensions/catppuccin.catppuccin-vsc-icons-0.26.0-universal: catppuccin.catppuccin-vsc-icons
2023-08-11 15:11:39.297 [info] Renamed to /home/arjuntina/.vscode-oss/extensions/catppuccin.catppuccin-vsc-icons-0.26.0-universal
2023-08-11 15:11:39.298 [info] Extracting extension completed. catppuccin.catppuccin-vsc-icons
2023-08-11 15:11:39.303 [info] Extension installed successfully: catppuccin.catppuccin-vsc-icons
2023-08-11 15:12:44.459 [info] Getting Manifest... whizkydee.material-palenight-theme
2023-08-11 15:12:44.604 [info] Installing extension: whizkydee.material-palenight-theme
2023-08-11 15:12:46.297 [info] Extension signature verification is not done: whizkydee.material-palenight-theme
2023-08-11 15:12:46.310 [info] Extracted extension to file:///home/arjuntina/.vscode-oss/extensions/whizkydee.material-palenight-theme-2.0.2-universal: whizkydee.material-palenight-theme
2023-08-11 15:12:46.312 [info] Renamed to /home/arjuntina/.vscode-oss/extensions/whizkydee.material-palenight-theme-2.0.2-universal
2023-08-11 15:12:46.313 [info] Extracting extension completed. whizkydee.material-palenight-theme
2023-08-11 15:12:46.318 [info] Extension installed successfully: whizkydee.material-palenight-theme
2023-08-11 15:16:06.607 [info] Uninstalling extension from the profile: catppuccin.catppuccin-vsc-icons@0.26.0 vscode-userdata:/home/arjuntina/.vscode-oss/extensions/extensions.json
2023-08-11 15:16:06.637 [info] Marked extension as uninstalled catppuccin.catppuccin-vsc-icons-0.26.0-universal
2023-08-11 15:16:08.060 [info] Successfully uninstalled extension from the profile catppuccin.catppuccin-vsc-icons@0.26.0 vscode-userdata:/home/arjuntina/.vscode-oss/extensions/extensions.json
2023-08-11 15:35:17.983 [info] Getting Manifest... vscodevim.vim
2023-08-11 15:35:18.261 [info] Installing extension: vscodevim.vim
2023-08-11 15:35:20.145 [info] Extension signature verification is not done: vscodevim.vim
2023-08-11 15:35:20.177 [info] Extracted extension to file:///home/arjuntina/.vscode-oss/extensions/vscodevim.vim-1.25.2-universal: vscodevim.vim
2023-08-11 15:35:20.179 [info] Renamed to /home/arjuntina/.vscode-oss/extensions/vscodevim.vim-1.25.2-universal
2023-08-11 15:35:20.181 [info] Extracting extension completed. vscodevim.vim
2023-08-11 15:35:20.185 [info] Extension installed successfully: vscodevim.vim
