00:00:00.391725 VirtualBox GUI VM Selector Window 7.0.12 r159484 linux.amd64 (Oct 17 2023 12:57:12) release log
00:00:00.391727 Log opened 2023-12-01T03:54:19.854660000Z
00:00:00.391727 Build Type: release
00:00:00.391728 OS Product: Linux
00:00:00.391729 OS Release: 6.6.3-arch1-1
00:00:00.391729 OS Version: #1 SMP PREEMPT_DYNAMIC Wed, 29 Nov 2023 00:37:40 +0000
00:00:00.391744 DMI Product Name: XPS 15 9500
00:00:00.391749 DMI Product Version: 
00:00:00.391752 Firmware type: UEFI
00:00:00.392473 Secure Boot: Disabled
00:00:00.392518 Host RAM: 31717MB (30.9GB) total, 25925MB (25.3GB) available
00:00:00.392520 Executable: /usr/lib/virtualbox/VirtualBox
00:00:00.392520 Process ID: 12511
00:00:00.392521 Package type: LINUX_64BITS_GENERIC (OSE)
00:00:00.392650 Qt version: 5.15.11
00:00:00.393998 GUI: UIMediumEnumerator: Initial medium-enumeration finished!
00:00:00.398555 GUI: UIMediumEnumerator: Medium-enumeration started...
00:00:00.398573 GUI: UIMediumEnumerator: Medium-enumeration finished!
00:00:00.991730 GUI: UIDesktopWidgetWatchdog::sltHandleHostScreenAvailableGeometryCalculated: Screen 0 work area is actually resized to: 4x28 x 1904x1160
00:00:12.361605 GUI: UICommon: Handling aboutToQuit request..
00:00:12.933936 GUI: UICommon: aboutToQuit request handled!
