00:00:00.002479 main     VirtualBox XPCOM Server 7.0.12 r159484 linux.amd64 (Oct 17 2023 12:57:12) release log
00:00:00.002484 main     Log opened 2023-12-01T03:54:19.642959000Z
00:00:00.002485 main     Build Type: release
00:00:00.002488 main     OS Product: Linux
00:00:00.002490 main     OS Release: 6.6.3-arch1-1
00:00:00.002491 main     OS Version: #1 SMP PREEMPT_DYNAMIC Wed, 29 Nov 2023 00:37:40 +0000
00:00:00.002524 main     DMI Product Name: XPS 15 9500
00:00:00.002537 main     DMI Product Version: 
00:00:00.002545 main     Firmware type: UEFI
00:00:00.003720 main     Secure Boot: Disabled
00:00:00.003793 main     Host RAM: 31717MB (30.9GB) total, 25932MB (25.3GB) available
00:00:00.003799 main     Executable: /usr/lib/virtualbox/VBoxSVC
00:00:00.003800 main     Process ID: 12548
00:00:00.003802 main     Package type: LINUX_64BITS_GENERIC (OSE)
00:00:00.008301 main     IPC socket path: /tmp/.vbox-arjuntina-ipc/ipcd
00:00:00.127118 nspr-2   VirtualBox: object creation starts
00:00:00.128645 nspr-2   Home directory: '/home/arjuntina/.config/VirtualBox'
00:00:00.129176 nspr-2   Loading settings file "/home/arjuntina/.config/VirtualBox/VirtualBox.xml" with version "1.12-linux"
00:00:00.134005 nspr-2   Successfully initialised host USB using sysfs
00:00:00.147756 nspr-2   NetIfAdpCtlOut: VBoxNetAdpCtl: Error while retrieving link speed for wlan0: VBoxNetAdpCtl: ioctl failed: Operation not supported
00:00:00.149851 nspr-2   HostDnsMonitor: initializing
00:00:00.150396 nspr-2   NAT: resolv.conf: nameserver 128.197.253.126
00:00:00.150412 nspr-2   NAT: resolv.conf: nameserver 128.197.253.188
00:00:00.150425 nspr-2   HostDnsMonitor: updating information
00:00:00.150448 nspr-2   HostDnsMonitor: old information
00:00:00.150451 nspr-2     no server entries
00:00:00.150455 nspr-2     no domain set
00:00:00.150457 nspr-2     no search string entries
00:00:00.150460 nspr-2   HostDnsMonitor: new information
00:00:00.150462 nspr-2     server 1: 128.197.253.126
00:00:00.150466 nspr-2     server 2: 128.197.253.188
00:00:00.150469 nspr-2     domain: bu.edu
00:00:00.150472 nspr-2     search string 1: bu.edu
00:00:00.158655 nspr-2   VD: VDInit finished with VINF_SUCCESS
00:00:00.175938 nspr-2   OCI: Local config file '/home/arjuntina/.config/VirtualBox/oci_config' does not exist
00:00:00.175981 nspr-2   OCI: Original config file '/home/arjuntina/.oci/config' does not exist
00:00:00.175986 nspr-2   OCI: Reading profiles finished with status NS_OK
00:00:00.175995 nspr-2   ExtPack: Created cloud provider 'OCI' (hrc=NS_OK)
00:00:00.176090 nspr-2   VirtualBox: object created
00:00:17.742837 main     VirtualBox: object deletion starts
00:00:17.743635 main     HostDnsMonitor: shutting down ...
00:00:17.744118 main     HostDnsMonitor: shut down
00:00:17.757343 Watcher  ERROR [COM]: aRC=E_ACCESSDENIED (0x80070005) aIID={7682d5eb-f00e-44f1-8ca2-99d08b1cd607} aComponent={VirtualBoxWrap} aText={The object is not ready}, preserve=false aResultDetail=0
00:00:17.757545 main     VirtualBox: object deleted
