[6544:0907/204027.297882:WARNING:bluez_dbus_manager.cc(247)] Floss manager not present, cannot set Floss enable/disable.
[6544:0907/204028.202698:WARNING:bus.cc(644)] Bus::SendWithReplyAndBlock took 1001ms to process message: type=method_call, path=/org/freedesktop/DBus, interface=org.freedesktop.DBus, member=StartServiceByName
[6544:0907/204028.202718:ERROR:object_proxy.cc(590)] Failed to call method: org.freedesktop.DBus.StartServiceByName: object_path= /org/freedesktop/DBus: org.freedesktop.DBus.Error.NoReply: Did not receive a reply. Possible causes include: the remote application did not send a reply, the message bus security policy blocked the reply, the reply timeout expired, or the network connection was broken.
[6544:0907/204028.207935:ERROR:browser_main_loop.cc(274)] Gtk: gtk_widget_add_accelerator: assertion 'GTK_IS_ACCEL_GROUP (accel_group)' failed
[6544:0907/204051.758954:ERROR:browser_main_loop.cc(274)] Gtk: gtk_widget_add_accelerator: assertion 'GTK_IS_ACCEL_GROUP (accel_group)' failed
[6544:0907/204051.759781:ERROR:browser_main_loop.cc(274)] Gtk: gtk_widget_add_accelerator: assertion 'GTK_IS_ACCEL_GROUP (accel_group)' failed
[6544:0907/204242.532437:ERROR:browser_main_loop.cc(274)] Gtk: gtk_widget_add_accelerator: assertion 'GTK_IS_ACCEL_GROUP (accel_group)' failed
[6544:0907/204336.471703:ERROR:browser_main_loop.cc(274)] Gtk: gtk_widget_add_accelerator: assertion 'GTK_IS_ACCEL_GROUP (accel_group)' failed
[6544:0907/204336.472159:ERROR:browser_main_loop.cc(274)] Gtk: gtk_widget_add_accelerator: assertion 'GTK_IS_ACCEL_GROUP (accel_group)' failed
[1661:0915/082920.794571:WARNING:bluez_dbus_manager.cc(247)] Floss manager not present, cannot set Floss enable/disable.
[1661:0915/082921.658133:WARNING:bus.cc(644)] Bus::SendWithReplyAndBlock took 1001ms to process message: type=method_call, path=/org/freedesktop/DBus, interface=org.freedesktop.DBus, member=StartServiceByName
[1661:0915/082921.658199:ERROR:object_proxy.cc(590)] Failed to call method: org.freedesktop.DBus.StartServiceByName: object_path= /org/freedesktop/DBus: org.freedesktop.DBus.Error.NoReply: Did not receive a reply. Possible causes include: the remote application did not send a reply, the message bus security policy blocked the reply, the reply timeout expired, or the network connection was broken.
[1661:0915/082921.672568:ERROR:browser_main_loop.cc(274)] Gtk: gtk_widget_add_accelerator: assertion 'GTK_IS_ACCEL_GROUP (accel_group)' failed
[1661:0915/082921.673803:ERROR:browser_main_loop.cc(274)] Gtk: gtk_widget_add_accelerator: assertion 'GTK_IS_ACCEL_GROUP (accel_group)' failed
[4553:1010/092607.032838:ERROR:object_proxy.cc(590)] Failed to call method: org.freedesktop.DBus.Properties.Get: object_path= /org/freedesktop/portal/desktop: org.freedesktop.DBus.Error.InvalidArgs: No such interface “org.freedesktop.portal.FileChooser”
[4553:1010/092607.032962:WARNING:property.cc(144)] version: GetAndBlock: failed.
[4553:1010/092607.032972:ERROR:select_file_dialog_linux_portal.cc(274)] Failed to read portal version property
[4553:1010/092607.192996:WARNING:bluez_dbus_manager.cc(247)] Floss manager not present, cannot set Floss enable/disable.
[4553:1010/092607.193152:ERROR:object_proxy.cc(590)] Failed to call method: org.freedesktop.portal.Settings.Read: object_path= /org/freedesktop/portal/desktop: org.freedesktop.DBus.Error.UnknownMethod: No such interface “org.freedesktop.portal.Settings” on object at path /org/freedesktop/portal/desktop
[4553:1010/092607.240716:ERROR:browser_main_loop.cc(274)] Gtk: gtk_widget_add_accelerator: assertion 'GTK_IS_ACCEL_GROUP (accel_group)' failed
[4553:1010/092607.241315:ERROR:browser_main_loop.cc(274)] Gtk: gtk_widget_add_accelerator: assertion 'GTK_IS_ACCEL_GROUP (accel_group)' failed
[23275:1023/074554.998677:ERROR:object_proxy.cc(590)] Failed to call method: org.freedesktop.DBus.Properties.Get: object_path= /org/freedesktop/portal/desktop: org.freedesktop.DBus.Error.InvalidArgs: No such interface “org.freedesktop.portal.FileChooser”
[23275:1023/074554.998782:WARNING:property.cc(144)] version: GetAndBlock: failed.
[23275:1023/074554.998823:ERROR:select_file_dialog_linux_portal.cc(274)] Failed to read portal version property
[23275:1023/074555.155020:WARNING:bluez_dbus_manager.cc(247)] Floss manager not present, cannot set Floss enable/disable.
[23275:1023/074555.155210:ERROR:object_proxy.cc(590)] Failed to call method: org.freedesktop.portal.Settings.Read: object_path= /org/freedesktop/portal/desktop: org.freedesktop.DBus.Error.UnknownMethod: No such interface “org.freedesktop.portal.Settings” on object at path /org/freedesktop/portal/desktop
[23275:1023/074555.200893:ERROR:browser_main_loop.cc(274)] Gtk: gtk_widget_add_accelerator: assertion 'GTK_IS_ACCEL_GROUP (accel_group)' failed
[23275:1023/074555.201410:ERROR:browser_main_loop.cc(274)] Gtk: gtk_widget_add_accelerator: assertion 'GTK_IS_ACCEL_GROUP (accel_group)' failed
[23319:1023/074609.967401:WARNING:spdy_session.cc(3198)] Received HEADERS for invalid stream 341
[23319:1023/074609.967462:WARNING:spdy_session.cc(3198)] Received HEADERS for invalid stream 343
[23319:1023/074609.967477:WARNING:spdy_session.cc(3198)] Received HEADERS for invalid stream 345
[23319:1023/074610.119008:WARNING:spdy_session.cc(3198)] Received HEADERS for invalid stream 11
[23319:1023/074610.120095:WARNING:spdy_session.cc(3198)] Received HEADERS for invalid stream 15
[23319:1023/074610.121191:WARNING:spdy_session.cc(3198)] Received HEADERS for invalid stream 13
[23442:1023/074610.670315:ERROR:object_proxy.cc(590)] Failed to call method: org.freedesktop.DBus.Properties.Get: object_path= /org/freedesktop/portal/desktop: org.freedesktop.DBus.Error.InvalidArgs: No such interface “org.freedesktop.portal.FileChooser”
[23442:1023/074610.670356:WARNING:property.cc(144)] version: GetAndBlock: failed.
[23442:1023/074610.670365:ERROR:select_file_dialog_linux_portal.cc(274)] Failed to read portal version property
[23442:1023/074610.773684:WARNING:bluez_dbus_manager.cc(247)] Floss manager not present, cannot set Floss enable/disable.
[23442:1023/074610.773904:ERROR:object_proxy.cc(590)] Failed to call method: org.freedesktop.portal.Settings.Read: object_path= /org/freedesktop/portal/desktop: org.freedesktop.DBus.Error.UnknownMethod: No such interface “org.freedesktop.portal.Settings” on object at path /org/freedesktop/portal/desktop
[23442:1023/074610.818404:ERROR:browser_main_loop.cc(274)] Gtk: gtk_widget_add_accelerator: assertion 'GTK_IS_ACCEL_GROUP (accel_group)' failed
[23442:1023/074610.818889:ERROR:browser_main_loop.cc(274)] Gtk: gtk_widget_add_accelerator: assertion 'GTK_IS_ACCEL_GROUP (accel_group)' failed
