2023-08-23 07:18:14.864 [info] Telemetry level is off
2023-08-23 07:18:14.864 [info] Experiments are disabled, only manually opted experiments are active.
2023-08-23 07:18:14.864 [info] Test server listening.
2023-08-23 07:18:14.864 [info] > conda info --json
2023-08-23 07:18:14.865 [info] Found: /bin/python --> /bin/python3.11
2023-08-23 07:18:14.865 [warning] Retry failed, storage update failed for key PYTHON_GLOBAL_STORAGE_KEYS
2023-08-23 07:18:14.865 [warning] Retry failed, storage update failed for key PYTHON_GLOBAL_STORAGE_KEYS
2023-08-23 07:18:14.867 [info] Found: /bin/python3 --> /bin/python3.11
2023-08-23 07:18:14.867 [warning] Retry failed, storage update failed for key PYTHON_GLOBAL_STORAGE_KEYS
2023-08-23 07:18:14.867 [warning] Retry failed, storage update failed for key PYTHON_GLOBAL_STORAGE_KEYS
2023-08-23 07:18:14.867 [warning] Retry failed, storage update failed for key PYTHON_GLOBAL_STORAGE_KEYS
2023-08-23 07:18:14.867 [warning] Retry failed, storage update failed for key PYTHON_GLOBAL_STORAGE_KEYS
2023-08-23 07:18:14.867 [warning] Retry failed, storage update failed for key PYTHON_GLOBAL_STORAGE_KEYS
2023-08-23 07:18:14.867 [warning] Retry failed, storage update failed for key PYTHON_WORKSPACE_STORAGE_KEYS
2023-08-23 07:18:14.867 [warning] Retry failed, storage update failed for key PYTHON_WORKSPACE_STORAGE_KEYS
2023-08-23 07:18:14.867 [warning] Retry failed, storage update failed for key PYTHON_WORKSPACE_STORAGE_KEYS
2023-08-23 07:18:14.868 [info] Found: /bin/python3.11 --> /bin/python3.11
2023-08-23 07:18:14.889 [info] Found: /sbin/python --> /sbin/python3.11
2023-08-23 07:18:14.890 [info] Found: /sbin/python3 --> /sbin/python3.11
2023-08-23 07:18:14.890 [info] Found: /sbin/python3.11 --> /sbin/python3.11
2023-08-23 07:18:14.895 [info] Found: /usr/bin/python --> /usr/bin/python3.11
2023-08-23 07:18:14.895 [info] Found: /usr/bin/python3 --> /usr/bin/python3.11
2023-08-23 07:18:14.895 [info] Found: /usr/bin/python3.11 --> /usr/bin/python3.11
2023-08-23 07:18:14.923 [info] Found: /usr/sbin/python --> /usr/sbin/python3.11
2023-08-23 07:18:14.924 [info] Found: /usr/sbin/python3 --> /usr/sbin/python3.11
2023-08-23 07:18:14.924 [info] Found: /usr/sbin/python3.11 --> /usr/sbin/python3.11
2023-08-23 07:18:14.937 [info] > /bin/python -I ~/.vscode-oss/extensions/ms-python.python-2023.12.0-universal/pythonFiles/get_output_via_markers.py ~/.vscode-oss/extensions/ms-python.python-2023.12.0-universal/pythonFiles/interpreterInfo.py
2023-08-23 07:18:14.947 [info] > /sbin/python -I ~/.vscode-oss/extensions/ms-python.python-2023.12.0-universal/pythonFiles/get_output_via_markers.py ~/.vscode-oss/extensions/ms-python.python-2023.12.0-universal/pythonFiles/interpreterInfo.py
2023-08-23 07:18:14.978 [info] > /usr/bin/python -I ~/.vscode-oss/extensions/ms-python.python-2023.12.0-universal/pythonFiles/get_output_via_markers.py ~/.vscode-oss/extensions/ms-python.python-2023.12.0-universal/pythonFiles/interpreterInfo.py
2023-08-23 07:18:14.988 [info] > /usr/sbin/python -I ~/.vscode-oss/extensions/ms-python.python-2023.12.0-universal/pythonFiles/get_output_via_markers.py ~/.vscode-oss/extensions/ms-python.python-2023.12.0-universal/pythonFiles/interpreterInfo.py
2023-08-23 07:18:15.033 [info] Python interpreter path: /bin/python
2023-08-23 07:18:15.056 [warning] Retry failed, storage update failed for key PYTHON_GLOBAL_STORAGE_KEYS
2023-08-23 07:18:15.926 [info] Starting Jedi language server for qtile.
2023-08-23 07:18:17.402 [info] Discover tests for workspace name: qtile - uri: /home/arjuntina/.config/qtile
2023-08-23 07:20:20.496 [info] Discover tests for workspace name: qtile - uri: /home/arjuntina/.config/qtile/config.py
2023-08-23 07:20:47.605 [info] Discover tests for workspace name: qtile - uri: /home/arjuntina/.config/qtile/config.py
2023-08-23 07:21:51.443 [info] Discover tests for workspace name: qtile - uri: /home/arjuntina/.config/qtile/config.py
2023-08-23 07:22:37.140 [info] Discover tests for workspace name: qtile - uri: /home/arjuntina/.config/qtile/config.py
2023-08-23 07:23:20.266 [info] Discover tests for workspace name: qtile - uri: /home/arjuntina/.config/qtile/config.py
2023-08-23 07:23:45.101 [info] Discover tests for workspace name: qtile - uri: /home/arjuntina/.config/qtile/config.py
