2023-10-12 09:36:33.172 [warning] [python]: Couldn't find message for key walkthrough.pythonWelcome.title.
2023-10-12 09:36:33.173 [warning] [python]: Couldn't find message for key walkthrough.pythonWelcome.description.
2023-10-12 09:36:33.173 [warning] [python]: Couldn't find message for key walkthrough.step.python.createPythonFile.title.
2023-10-12 09:36:33.173 [warning] [python]: Couldn't find message for key walkthrough.step.python.createPythonFile.description.
2023-10-12 09:36:33.173 [warning] [python]: Couldn't find message for key walkthrough.step.python.createPythonFile.altText.
2023-10-12 09:36:33.173 [warning] [python]: Couldn't find message for key walkthrough.step.python.installPythonWin8.title.
2023-10-12 09:36:33.174 [warning] [python]: Couldn't find message for key walkthrough.step.python.installPythonWin8.description.
2023-10-12 09:36:33.174 [warning] [python]: Couldn't find message for key walkthrough.step.python.installPythonMac.title.
2023-10-12 09:36:33.174 [warning] [python]: Couldn't find message for key walkthrough.step.python.installPythonMac.description.
2023-10-12 09:36:33.174 [warning] [python]: Couldn't find message for key walkthrough.step.python.installPythonLinux.title.
2023-10-12 09:36:33.174 [warning] [python]: Couldn't find message for key walkthrough.step.python.installPythonLinux.description.
2023-10-12 09:36:33.175 [warning] [python]: Couldn't find message for key walkthrough.step.python.selectInterpreter.title.
2023-10-12 09:36:33.175 [warning] [python]: Couldn't find message for key walkthrough.step.python.selectInterpreter.description.
2023-10-12 09:36:33.175 [warning] [python]: Couldn't find message for key walkthrough.step.python.selectInterpreter.altText.
2023-10-12 09:36:33.175 [warning] [python]: Couldn't find message for key walkthrough.step.python.createEnvironment.title.
2023-10-12 09:36:33.175 [warning] [python]: Couldn't find message for key walkthrough.step.python.createEnvironment.description.
2023-10-12 09:36:33.175 [warning] [python]: Couldn't find message for key walkthrough.step.python.createEnvironment.altText.
2023-10-12 09:36:33.176 [warning] [python]: Couldn't find message for key walkthrough.step.python.runAndDebug.title.
2023-10-12 09:36:33.176 [warning] [python]: Couldn't find message for key walkthrough.step.python.runAndDebug.description.
2023-10-12 09:36:33.176 [warning] [python]: Couldn't find message for key walkthrough.step.python.runAndDebug.altText.
2023-10-12 09:36:33.176 [warning] [python]: Couldn't find message for key walkthrough.step.python.learnMoreWithDS.title.
2023-10-12 09:36:33.176 [warning] [python]: Couldn't find message for key walkthrough.step.python.learnMoreWithDS.description.
2023-10-12 09:36:33.177 [warning] [python]: Couldn't find message for key walkthrough.step.python.learnMoreWithDS.altText.
2023-10-12 09:36:33.177 [warning] [python]: Couldn't find message for key walkthrough.pythonWelcome.title.
2023-10-12 09:36:33.177 [warning] [python]: Couldn't find message for key walkthrough.pythonWelcome.description.
2023-10-12 09:36:33.177 [warning] [python]: Couldn't find message for key walkthrough.step.python.createPythonFolder.title.
2023-10-12 09:36:33.177 [warning] [python]: Couldn't find message for key walkthrough.step.python.createPythonFolder.description.
2023-10-12 09:36:33.177 [warning] [python]: Couldn't find message for key walkthrough.step.python.createPythonFile.altText.
2023-10-12 09:36:33.178 [warning] [python]: Couldn't find message for key walkthrough.step.python.createPythonFile.title.
2023-10-12 09:36:33.178 [warning] [python]: Couldn't find message for key walkthrough.step.python.createPythonFile.description.
2023-10-12 09:36:33.178 [warning] [python]: Couldn't find message for key walkthrough.step.python.createPythonFile.altText.
2023-10-12 09:36:33.178 [warning] [python]: Couldn't find message for key walkthrough.step.python.installPythonWin8.title.
2023-10-12 09:36:33.178 [warning] [python]: Couldn't find message for key walkthrough.step.python.installPythonWin8.description.
2023-10-12 09:36:33.179 [warning] [python]: Couldn't find message for key walkthrough.step.python.installPythonMac.title.
2023-10-12 09:36:33.179 [warning] [python]: Couldn't find message for key walkthrough.step.python.installPythonMac.description.
2023-10-12 09:36:33.179 [warning] [python]: Couldn't find message for key walkthrough.step.python.installPythonLinux.title.
2023-10-12 09:36:33.179 [warning] [python]: Couldn't find message for key walkthrough.step.python.installPythonLinux.description.
2023-10-12 09:36:33.179 [warning] [python]: Couldn't find message for key walkthrough.step.python.createEnvironment.title2.
2023-10-12 09:36:33.180 [warning] [python]: Couldn't find message for key walkthrough.step.python.createEnvironment.description2.
2023-10-12 09:36:33.180 [warning] [python]: Couldn't find message for key walkthrough.step.python.runAndDebug.title.
2023-10-12 09:36:33.180 [warning] [python]: Couldn't find message for key walkthrough.step.python.runAndDebug.description.
2023-10-12 09:36:33.180 [warning] [python]: Couldn't find message for key walkthrough.step.python.runAndDebug.altText.
2023-10-12 09:36:33.180 [warning] [python]: Couldn't find message for key walkthrough.step.python.learnMoreWithDS.title.
2023-10-12 09:36:33.181 [warning] [python]: Couldn't find message for key walkthrough.step.python.learnMoreWithDS.description2.
2023-10-12 09:36:33.181 [warning] [python]: Couldn't find message for key walkthrough.step.python.learnMoreWithDS.altText.
2023-10-12 09:36:33.181 [warning] [python]: Couldn't find message for key walkthrough.pythonDataScienceWelcome.title.
2023-10-12 09:36:33.181 [warning] [python]: Couldn't find message for key walkthrough.pythonDataScienceWelcome.description.
2023-10-12 09:36:33.181 [warning] [python]: Couldn't find message for key walkthrough.step.python.installJupyterExt.title.
2023-10-12 09:36:33.181 [warning] [python]: Couldn't find message for key walkthrough.step.python.installJupyterExt.description.
2023-10-12 09:36:33.182 [warning] [python]: Couldn't find message for key walkthrough.step.python.installJupyterExt.altText.
2023-10-12 09:36:33.182 [warning] [python]: Couldn't find message for key walkthrough.step.python.createNewNotebook.title.
2023-10-12 09:36:33.182 [warning] [python]: Couldn't find message for key walkthrough.step.python.createNewNotebook.description.
2023-10-12 09:36:33.182 [warning] [python]: Couldn't find message for key walkthrough.step.python.createNewNotebook.altText.
2023-10-12 09:36:33.182 [warning] [python]: Couldn't find message for key walkthrough.step.python.openInteractiveWindow.title.
2023-10-12 09:36:33.182 [warning] [python]: Couldn't find message for key walkthrough.step.python.openInteractiveWindow.description.
2023-10-12 09:36:33.183 [warning] [python]: Couldn't find message for key walkthrough.step.python.openInteractiveWindow.altText.
2023-10-12 09:36:33.183 [warning] [python]: Couldn't find message for key walkthrough.step.python.dataScienceLearnMore.title.
2023-10-12 09:36:33.183 [warning] [python]: Couldn't find message for key walkthrough.step.python.dataScienceLearnMore.description.
2023-10-12 09:36:33.183 [warning] [python]: Couldn't find message for key walkthrough.step.python.dataScienceLearnMore.altText.
2023-10-12 09:36:33.184 [warning] [python]: Couldn't find message for key python.command.python.createNewFile.title.
2023-10-12 09:36:33.184 [warning] [python]: Couldn't find message for key python.menu.createNewFile.title.
2023-10-12 09:36:33.184 [warning] [python]: Couldn't find message for key python.command.python.analysis.restartLanguageServer.title.
2023-10-12 09:36:33.185 [warning] [python]: Couldn't find message for key python.command.python.clearCacheAndReload.title.
2023-10-12 09:36:33.185 [warning] [python]: Couldn't find message for key python.command.python.clearWorkspaceInterpreter.title.
2023-10-12 09:36:33.185 [warning] [python]: Couldn't find message for key python.command.python.configureTests.title.
2023-10-12 09:36:33.185 [warning] [python]: Couldn't find message for key python.command.python.createTerminal.title.
2023-10-12 09:36:33.186 [warning] [python]: Couldn't find message for key python.command.python.createEnvironment.title.
2023-10-12 09:36:33.186 [warning] [python]: Couldn't find message for key python.command.python.createEnvironment.title.
2023-10-12 09:36:33.186 [warning] [python]: Couldn't find message for key python.command.python.enableLinting.title.
2023-10-12 09:36:33.186 [warning] [python]: Couldn't find message for key python.command.python.enableSourceMapSupport.title.
2023-10-12 09:36:33.187 [warning] [python]: Couldn't find message for key python.command.python.execInTerminal.title.
2023-10-12 09:36:33.187 [warning] [python]: Couldn't find message for key python.command.python.execInTerminalIcon.title.
2023-10-12 09:36:33.187 [warning] [python]: Couldn't find message for key python.command.python.execInDedicatedTerminal.title.
2023-10-12 09:36:33.190 [warning] [python]: Couldn't find message for key python.command.python.debugInTerminal.title.
2023-10-12 09:36:33.190 [warning] [python]: Couldn't find message for key python.command.python.execSelectionInDjangoShell.title.
2023-10-12 09:36:33.190 [warning] [python]: Couldn't find message for key python.command.python.execSelectionInTerminal.title.
2023-10-12 09:36:33.191 [warning] [python]: Couldn't find message for key python.command.python.launchTensorBoard.title.
2023-10-12 09:36:33.191 [warning] [python]: Couldn't find message for key python.command.python.refreshTensorBoard.title.
2023-10-12 09:36:33.191 [warning] [python]: Couldn't find message for key python.command.python.reportIssue.title.
2023-10-12 09:36:33.191 [warning] [python]: Couldn't find message for key python.command.testing.rerunFailedTests.title.
2023-10-12 09:36:33.192 [warning] [python]: Couldn't find message for key python.command.python.runLinting.title.
2023-10-12 09:36:33.192 [warning] [python]: Couldn't find message for key python.command.python.setInterpreter.title.
2023-10-12 09:36:33.192 [warning] [python]: Couldn't find message for key python.command.python.setLinter.title.
2023-10-12 09:36:33.192 [warning] [python]: Couldn't find message for key python.command.python.sortImports.title.
2023-10-12 09:36:33.192 [warning] [python]: Couldn't find message for key python.command.python.startREPL.title.
2023-10-12 09:36:33.192 [warning] [python]: Couldn't find message for key python.command.python.viewLanguageServerOutput.title.
2023-10-12 09:36:33.193 [warning] [python]: Couldn't find message for key python.command.python.viewOutput.title.
2023-10-12 09:36:33.193 [warning] [python]: Couldn't find message for key python.command.python.installJupyter.title.
2023-10-12 09:36:33.193 [warning] [python]: Couldn't find message for key python.activeStateToolPath.description.
2023-10-12 09:36:33.193 [warning] [python]: Couldn't find message for key python.autoComplete.extraPaths.description.
2023-10-12 09:36:33.193 [warning] [python]: Couldn't find message for key python.createEnvironment.contentButton.description.
2023-10-12 09:36:33.193 [warning] [python]: Couldn't find message for key python.condaPath.description.
2023-10-12 09:36:33.193 [warning] [python]: Couldn't find message for key python.defaultInterpreterPath.description.
2023-10-12 09:36:33.193 [warning] [python]: Couldn't find message for key python.diagnostics.sourceMapsEnabled.description.
2023-10-12 09:36:33.194 [warning] [python]: Couldn't find message for key python.envFile.description.
2023-10-12 09:36:33.194 [warning] [python]: Couldn't find message for key python.experiments.enabled.description.
2023-10-12 09:36:33.194 [warning] [python]: Couldn't find message for key python.experiments.optInto.description.
2023-10-12 09:36:33.194 [warning] [python]: Couldn't find message for key python.experiments.All.description.
2023-10-12 09:36:33.194 [warning] [python]: Couldn't find message for key python.experiments.pythonSurveyNotification.description.
2023-10-12 09:36:33.194 [warning] [python]: Couldn't find message for key python.experiments.pythonPromptNewToolsExt.description.
2023-10-12 09:36:33.194 [warning] [python]: Couldn't find message for key python.experiments.pythonTerminalEnvVarActivation.description.
2023-10-12 09:36:33.195 [warning] [python]: Couldn't find message for key python.experiments.pythonTestAdapter.description.
2023-10-12 09:36:33.195 [warning] [python]: Couldn't find message for key python.experiments.optOutFrom.description.
2023-10-12 09:36:33.195 [warning] [python]: Couldn't find message for key python.experiments.All.description.
2023-10-12 09:36:33.195 [warning] [python]: Couldn't find message for key python.experiments.pythonSurveyNotification.description.
2023-10-12 09:36:33.195 [warning] [python]: Couldn't find message for key python.experiments.pythonPromptNewToolsExt.description.
2023-10-12 09:36:33.195 [warning] [python]: Couldn't find message for key python.experiments.pythonTerminalEnvVarActivation.description.
2023-10-12 09:36:33.195 [warning] [python]: Couldn't find message for key python.experiments.pythonTestAdapter.description.
2023-10-12 09:36:33.195 [warning] [python]: Couldn't find message for key python.formatting.autopep8Args.description.
2023-10-12 09:36:33.196 [warning] [python]: Couldn't find message for key python.formatting.autopep8Args.markdownDeprecationMessage.
2023-10-12 09:36:33.196 [warning] [python]: Couldn't find message for key python.formatting.autopep8Args.deprecationMessage.
2023-10-12 09:36:33.196 [warning] [python]: Couldn't find message for key python.formatting.autopep8Path.description.
2023-10-12 09:36:33.196 [warning] [python]: Couldn't find message for key python.formatting.autopep8Path.markdownDeprecationMessage.
2023-10-12 09:36:33.196 [warning] [python]: Couldn't find message for key python.formatting.autopep8Path.deprecationMessage.
2023-10-12 09:36:33.196 [warning] [python]: Couldn't find message for key python.formatting.blackArgs.description.
2023-10-12 09:36:33.196 [warning] [python]: Couldn't find message for key python.formatting.blackArgs.markdownDeprecationMessage.
2023-10-12 09:36:33.197 [warning] [python]: Couldn't find message for key python.formatting.blackArgs.deprecationMessage.
2023-10-12 09:36:33.197 [warning] [python]: Couldn't find message for key python.formatting.blackPath.description.
2023-10-12 09:36:33.197 [warning] [python]: Couldn't find message for key python.formatting.blackPath.markdownDeprecationMessage.
2023-10-12 09:36:33.197 [warning] [python]: Couldn't find message for key python.formatting.blackPath.deprecationMessage.
2023-10-12 09:36:33.197 [warning] [python]: Couldn't find message for key python.formatting.provider.description.
2023-10-12 09:36:33.197 [warning] [python]: Couldn't find message for key python.formatting.provider.markdownDeprecationMessage.
2023-10-12 09:36:33.197 [warning] [python]: Couldn't find message for key python.formatting.provider.deprecationMessage.
2023-10-12 09:36:33.198 [warning] [python]: Couldn't find message for key python.formatting.yapfArgs.description.
2023-10-12 09:36:33.198 [warning] [python]: Couldn't find message for key python.formatting.yapfArgs.markdownDeprecationMessage.
2023-10-12 09:36:33.198 [warning] [python]: Couldn't find message for key python.formatting.yapfArgs.deprecationMessage.
2023-10-12 09:36:33.198 [warning] [python]: Couldn't find message for key python.formatting.yapfPath.description.
2023-10-12 09:36:33.198 [warning] [python]: Couldn't find message for key python.formatting.yapfPath.markdownDeprecationMessage.
2023-10-12 09:36:33.198 [warning] [python]: Couldn't find message for key python.formatting.yapfPath.deprecationMessage.
2023-10-12 09:36:33.198 [warning] [python]: Couldn't find message for key python.globalModuleInstallation.description.
2023-10-12 09:36:33.198 [warning] [python]: Couldn't find message for key python.languageServer.description.
2023-10-12 09:36:33.199 [warning] [python]: Couldn't find message for key python.languageServer.defaultDescription.
2023-10-12 09:36:33.199 [warning] [python]: Couldn't find message for key python.languageServer.jediDescription.
2023-10-12 09:36:33.199 [warning] [python]: Couldn't find message for key python.languageServer.pylanceDescription.
2023-10-12 09:36:33.199 [warning] [python]: Couldn't find message for key python.languageServer.noneDescription.
2023-10-12 09:36:33.199 [warning] [python]: Couldn't find message for key python.linting.banditArgs.description.
2023-10-12 09:36:33.199 [warning] [python]: Couldn't find message for key python.linting.banditArgs.markdownDeprecationMessage.
2023-10-12 09:36:33.200 [warning] [python]: Couldn't find message for key python.linting.banditArgs.deprecationMessage.
2023-10-12 09:36:33.200 [warning] [python]: Couldn't find message for key python.linting.banditEnabled.description.
2023-10-12 09:36:33.200 [warning] [python]: Couldn't find message for key python.linting.banditArgs.markdownDeprecationMessage.
2023-10-12 09:36:33.200 [warning] [python]: Couldn't find message for key python.linting.banditArgs.deprecationMessage.
2023-10-12 09:36:33.200 [warning] [python]: Couldn't find message for key python.linting.banditPath.description.
2023-10-12 09:36:33.201 [warning] [python]: Couldn't find message for key python.linting.banditPath.markdownDeprecationMessage.
2023-10-12 09:36:33.201 [warning] [python]: Couldn't find message for key python.linting.banditPath.deprecationMessage.
2023-10-12 09:36:33.201 [warning] [python]: Couldn't find message for key python.linting.cwd.description.
2023-10-12 09:36:33.201 [warning] [python]: Couldn't find message for key python.linting.cwd.markdownDeprecationMessage.
2023-10-12 09:36:33.201 [warning] [python]: Couldn't find message for key python.linting.cwd.deprecationMessage.
2023-10-12 09:36:33.201 [warning] [python]: Couldn't find message for key python.linting.enabled.description.
2023-10-12 09:36:33.201 [warning] [python]: Couldn't find message for key python.linting.enabled.markdownDeprecationMessage.
2023-10-12 09:36:33.201 [warning] [python]: Couldn't find message for key python.linting.enabled.deprecationMessage.
2023-10-12 09:36:33.202 [warning] [python]: Couldn't find message for key python.linting.flake8Args.description.
2023-10-12 09:36:33.202 [warning] [python]: Couldn't find message for key python.linting.flake8Args.markdownDeprecationMessage.
2023-10-12 09:36:33.202 [warning] [python]: Couldn't find message for key python.linting.flake8Args.deprecationMessage.
2023-10-12 09:36:33.202 [warning] [python]: Couldn't find message for key python.linting.flake8CategorySeverity.E.description.
2023-10-12 09:36:33.202 [warning] [python]: Couldn't find message for key python.linting.flake8CategorySeverity.E.markdownDeprecationMessage.
2023-10-12 09:36:33.202 [warning] [python]: Couldn't find message for key python.linting.flake8CategorySeverity.E.deprecationMessage.
2023-10-12 09:36:33.202 [warning] [python]: Couldn't find message for key python.linting.flake8CategorySeverity.F.description.
2023-10-12 09:36:33.203 [warning] [python]: Couldn't find message for key python.linting.flake8CategorySeverity.F.markdownDeprecationMessage.
2023-10-12 09:36:33.203 [warning] [python]: Couldn't find message for key python.linting.flake8CategorySeverity.F.deprecationMessage.
2023-10-12 09:36:33.203 [warning] [python]: Couldn't find message for key python.interpreter.infoVisibility.description.
2023-10-12 09:36:33.203 [warning] [python]: Couldn't find message for key python.interpreter.infoVisibility.never.description.
2023-10-12 09:36:33.203 [warning] [python]: Couldn't find message for key python.interpreter.infoVisibility.onPythonRelated.description.
2023-10-12 09:36:33.203 [warning] [python]: Couldn't find message for key python.interpreter.infoVisibility.always.description.
2023-10-12 09:36:33.203 [warning] [python]: Couldn't find message for key python.linting.flake8CategorySeverity.W.description.
2023-10-12 09:36:33.203 [warning] [python]: Couldn't find message for key python.linting.flake8CategorySeverity.W.markdownDeprecationMessage.
2023-10-12 09:36:33.204 [warning] [python]: Couldn't find message for key python.linting.flake8CategorySeverity.W.deprecationMessage.
2023-10-12 09:36:33.204 [warning] [python]: Couldn't find message for key python.linting.flake8Enabled.description.
2023-10-12 09:36:33.204 [warning] [python]: Couldn't find message for key python.linting.flake8Enabled.markdownDeprecationMessage.
2023-10-12 09:36:33.204 [warning] [python]: Couldn't find message for key python.linting.flake8Enabled.deprecationMessage.
2023-10-12 09:36:33.204 [warning] [python]: Couldn't find message for key python.linting.flake8Path.description.
2023-10-12 09:36:33.204 [warning] [python]: Couldn't find message for key python.linting.flake8Path.markdownDeprecationMessage.
2023-10-12 09:36:33.204 [warning] [python]: Couldn't find message for key python.linting.flake8Path.deprecationMessage.
2023-10-12 09:36:33.205 [warning] [python]: Couldn't find message for key python.linting.ignorePatterns.description.
2023-10-12 09:36:33.205 [warning] [python]: Couldn't find message for key python.linting.ignorePatterns.markdownDeprecationMessage.
2023-10-12 09:36:33.205 [warning] [python]: Couldn't find message for key python.linting.ignorePatterns.deprecationMessage.
2023-10-12 09:36:33.205 [warning] [python]: Couldn't find message for key python.linting.lintOnSave.description.
2023-10-12 09:36:33.205 [warning] [python]: Couldn't find message for key python.linting.lintOnSave.markdownDeprecationMessage.
2023-10-12 09:36:33.205 [warning] [python]: Couldn't find message for key python.linting.lintOnSave.deprecationMessage.
2023-10-12 09:36:33.205 [warning] [python]: Couldn't find message for key python.linting.maxNumberOfProblems.description.
2023-10-12 09:36:33.205 [warning] [python]: Couldn't find message for key python.linting.maxNumberOfProblems.markdownDeprecationMessage.
2023-10-12 09:36:33.206 [warning] [python]: Couldn't find message for key python.linting.maxNumberOfProblems.deprecationMessage.
2023-10-12 09:36:33.206 [warning] [python]: Couldn't find message for key python.linting.mypyArgs.description.
2023-10-12 09:36:33.206 [warning] [python]: Couldn't find message for key python.linting.mypyArgs.markdownDeprecationMessage.
2023-10-12 09:36:33.206 [warning] [python]: Couldn't find message for key python.linting.mypyArgs.deprecationMessage.
2023-10-12 09:36:33.206 [warning] [python]: Couldn't find message for key python.linting.mypyCategorySeverity.error.description.
2023-10-12 09:36:33.206 [warning] [python]: Couldn't find message for key python.linting.mypyCategorySeverity.error.markdownDeprecationMessage.
2023-10-12 09:36:33.206 [warning] [python]: Couldn't find message for key python.linting.mypyCategorySeverity.error.deprecationMessage.
2023-10-12 09:36:33.206 [warning] [python]: Couldn't find message for key python.linting.mypyCategorySeverity.note.description.
2023-10-12 09:36:33.207 [warning] [python]: Couldn't find message for key python.linting.mypyCategorySeverity.note.markdownDeprecationMessage.
2023-10-12 09:36:33.207 [warning] [python]: Couldn't find message for key python.linting.mypyCategorySeverity.note.deprecationMessage.
2023-10-12 09:36:33.207 [warning] [python]: Couldn't find message for key python.linting.mypyEnabled.description.
2023-10-12 09:36:33.207 [warning] [python]: Couldn't find message for key python.linting.mypyEnabled.markdownDeprecationMessage.
2023-10-12 09:36:33.207 [warning] [python]: Couldn't find message for key python.linting.mypyEnabled.deprecationMessage.
2023-10-12 09:36:33.207 [warning] [python]: Couldn't find message for key python.linting.mypyPath.description.
2023-10-12 09:36:33.207 [warning] [python]: Couldn't find message for key python.linting.mypyPath.markdownDeprecationMessage.
2023-10-12 09:36:33.207 [warning] [python]: Couldn't find message for key python.linting.mypyPath.deprecationMessage.
2023-10-12 09:36:33.208 [warning] [python]: Couldn't find message for key python.linting.prospectorArgs.description.
2023-10-12 09:36:33.208 [warning] [python]: Couldn't find message for key python.linting.prospectorArgs.markdownDeprecationMessage.
2023-10-12 09:36:33.208 [warning] [python]: Couldn't find message for key python.linting.prospectorArgs.deprecationMessage.
2023-10-12 09:36:33.208 [warning] [python]: Couldn't find message for key python.linting.prospectorEnabled.description.
2023-10-12 09:36:33.208 [warning] [python]: Couldn't find message for key python.linting.prospectorEnabled.markdownDeprecationMessage.
2023-10-12 09:36:33.208 [warning] [python]: Couldn't find message for key python.linting.prospectorEnabled.deprecationMessage.
2023-10-12 09:36:33.209 [warning] [python]: Couldn't find message for key python.linting.prospectorPath.description.
2023-10-12 09:36:33.209 [warning] [python]: Couldn't find message for key python.linting.prospectorPath.markdownDeprecationMessage.
2023-10-12 09:36:33.209 [warning] [python]: Couldn't find message for key python.linting.prospectorPath.deprecationMessage.
2023-10-12 09:36:33.209 [warning] [python]: Couldn't find message for key python.linting.pycodestyleArgs.description.
2023-10-12 09:36:33.209 [warning] [python]: Couldn't find message for key python.linting.pycodestyleArgs.markdownDeprecationMessage.
2023-10-12 09:36:33.209 [warning] [python]: Couldn't find message for key python.linting.pycodestyleArgs.deprecationMessage.
2023-10-12 09:36:33.209 [warning] [python]: Couldn't find message for key python.linting.pycodestyleCategorySeverity.E.description.
2023-10-12 09:36:33.210 [warning] [python]: Couldn't find message for key python.linting.pycodestyleCategorySeverity.E.markdownDeprecationMessage.
2023-10-12 09:36:33.210 [warning] [python]: Couldn't find message for key python.linting.pycodestyleCategorySeverity.E.deprecationMessage.
2023-10-12 09:36:33.210 [warning] [python]: Couldn't find message for key python.linting.pycodestyleCategorySeverity.W.description.
2023-10-12 09:36:33.210 [warning] [python]: Couldn't find message for key python.linting.pycodestyleCategorySeverity.W.markdownDeprecationMessage.
2023-10-12 09:36:33.210 [warning] [python]: Couldn't find message for key python.linting.pycodestyleCategorySeverity.W.deprecationMessage.
2023-10-12 09:36:33.210 [warning] [python]: Couldn't find message for key python.linting.pycodestyleEnabled.description.
2023-10-12 09:36:33.210 [warning] [python]: Couldn't find message for key python.linting.pycodestyleEnabled.markdownDeprecationMessage.
2023-10-12 09:36:33.211 [warning] [python]: Couldn't find message for key python.linting.pycodestyleEnabled.deprecationMessage.
2023-10-12 09:36:33.211 [warning] [python]: Couldn't find message for key python.linting.pycodestylePath.description.
2023-10-12 09:36:33.211 [warning] [python]: Couldn't find message for key python.linting.pycodestylePath.markdownDeprecationMessage.
2023-10-12 09:36:33.211 [warning] [python]: Couldn't find message for key python.linting.pycodestylePath.deprecationMessage.
2023-10-12 09:36:33.211 [warning] [python]: Couldn't find message for key python.linting.pydocstyleArgs.description.
2023-10-12 09:36:33.211 [warning] [python]: Couldn't find message for key python.linting.pydocstyleArgs.markdownDeprecationMessage.
2023-10-12 09:36:33.211 [warning] [python]: Couldn't find message for key python.linting.pydocstyleArgs.deprecationMessage.
2023-10-12 09:36:33.211 [warning] [python]: Couldn't find message for key python.linting.pydocstyleEnabled.description.
2023-10-12 09:36:33.212 [warning] [python]: Couldn't find message for key python.linting.pydocstyleEnabled.markdownDeprecationMessage.
2023-10-12 09:36:33.212 [warning] [python]: Couldn't find message for key python.linting.pydocstyleEnabled.deprecationMessage.
2023-10-12 09:36:33.212 [warning] [python]: Couldn't find message for key python.linting.pydocstylePath.description.
2023-10-12 09:36:33.212 [warning] [python]: Couldn't find message for key python.linting.pydocstylePath.markdownDeprecationMessage.
2023-10-12 09:36:33.212 [warning] [python]: Couldn't find message for key python.linting.pydocstylePath.deprecationMessage.
2023-10-12 09:36:33.212 [warning] [python]: Couldn't find message for key python.linting.pylamaArgs.description.
2023-10-12 09:36:33.212 [warning] [python]: Couldn't find message for key python.linting.pylamaArgs.markdownDeprecationMessage.
2023-10-12 09:36:33.213 [warning] [python]: Couldn't find message for key python.linting.pylamaArgs.deprecationMessage.
2023-10-12 09:36:33.213 [warning] [python]: Couldn't find message for key python.linting.pylamaEnabled.description.
2023-10-12 09:36:33.213 [warning] [python]: Couldn't find message for key python.linting.pylamaEnabled.markdownDeprecationMessage.
2023-10-12 09:36:33.213 [warning] [python]: Couldn't find message for key python.linting.pylamaEnabled.deprecationMessage.
2023-10-12 09:36:33.213 [warning] [python]: Couldn't find message for key python.linting.pylamaPath.description.
2023-10-12 09:36:33.214 [warning] [python]: Couldn't find message for key python.linting.pylamaPath.markdownDeprecationMessage.
2023-10-12 09:36:33.214 [warning] [python]: Couldn't find message for key python.linting.pylamaPath.deprecationMessage.
2023-10-12 09:36:33.214 [warning] [python]: Couldn't find message for key python.linting.pylintArgs.description.
2023-10-12 09:36:33.214 [warning] [python]: Couldn't find message for key python.linting.pylintArgs.markdownDeprecationMessage.
2023-10-12 09:36:33.214 [warning] [python]: Couldn't find message for key python.linting.pylintArgs.deprecationMessage.
2023-10-12 09:36:33.214 [warning] [python]: Couldn't find message for key python.linting.pylintCategorySeverity.convention.description.
2023-10-12 09:36:33.215 [warning] [python]: Couldn't find message for key python.linting.pylintCategorySeverity.convention.markdownDeprecationMessage.
2023-10-12 09:36:33.215 [warning] [python]: Couldn't find message for key python.linting.pylintCategorySeverity.convention.deprecationMessage.
2023-10-12 09:36:33.215 [warning] [python]: Couldn't find message for key python.linting.pylintCategorySeverity.error.description.
2023-10-12 09:36:33.215 [warning] [python]: Couldn't find message for key python.linting.pylintCategorySeverity.error.markdownDeprecationMessage.
2023-10-12 09:36:33.215 [warning] [python]: Couldn't find message for key python.linting.pylintCategorySeverity.error.deprecationMessage.
2023-10-12 09:36:33.215 [warning] [python]: Couldn't find message for key python.linting.pylintCategorySeverity.fatal.description.
2023-10-12 09:36:33.215 [warning] [python]: Couldn't find message for key python.linting.pylintCategorySeverity.fatal.markdownDeprecationMessage.
2023-10-12 09:36:33.216 [warning] [python]: Couldn't find message for key python.linting.pylintCategorySeverity.fatal.deprecationMessage.
2023-10-12 09:36:33.216 [warning] [python]: Couldn't find message for key python.linting.pylintCategorySeverity.refactor.description.
2023-10-12 09:36:33.216 [warning] [python]: Couldn't find message for key python.linting.pylintCategorySeverity.refactor.markdownDeprecationMessage.
2023-10-12 09:36:33.216 [warning] [python]: Couldn't find message for key python.linting.pylintCategorySeverity.refactor.deprecationMessage.
2023-10-12 09:36:33.216 [warning] [python]: Couldn't find message for key python.linting.pylintCategorySeverity.warning.description.
2023-10-12 09:36:33.216 [warning] [python]: Couldn't find message for key python.linting.pylintCategorySeverity.warning.markdownDeprecationMessage.
2023-10-12 09:36:33.216 [warning] [python]: Couldn't find message for key python.linting.pylintCategorySeverity.warning.deprecationMessage.
2023-10-12 09:36:33.217 [warning] [python]: Couldn't find message for key python.linting.pylintEnabled.description.
2023-10-12 09:36:33.217 [warning] [python]: Couldn't find message for key python.linting.pylintEnabled.markdownDeprecationMessage.
2023-10-12 09:36:33.217 [warning] [python]: Couldn't find message for key python.linting.pylintEnabled.deprecationMessage.
2023-10-12 09:36:33.217 [warning] [python]: Couldn't find message for key python.linting.pylintPath.description.
2023-10-12 09:36:33.217 [warning] [python]: Couldn't find message for key python.linting.pylintPath.markdownDeprecationMessage.
2023-10-12 09:36:33.217 [warning] [python]: Couldn't find message for key python.linting.pylintPath.deprecationMessage.
2023-10-12 09:36:33.218 [warning] [python]: Couldn't find message for key python.logging.level.deprecation.
2023-10-12 09:36:33.218 [warning] [python]: Couldn't find message for key python.logging.level.description.
2023-10-12 09:36:33.218 [warning] [python]: Couldn't find message for key python.missingPackage.severity.description.
2023-10-12 09:36:33.218 [warning] [python]: Couldn't find message for key python.pipenvPath.description.
2023-10-12 09:36:33.218 [warning] [python]: Couldn't find message for key python.poetryPath.description.
2023-10-12 09:36:33.219 [warning] [python]: Couldn't find message for key python.sortImports.args.description.
2023-10-12 09:36:33.219 [warning] [python]: Couldn't find message for key python.sortImports.args.deprecationMessage.
2023-10-12 09:36:33.219 [warning] [python]: Couldn't find message for key python.sortImports.path.description.
2023-10-12 09:36:33.219 [warning] [python]: Couldn't find message for key python.sortImports.path.deprecationMessage.
2023-10-12 09:36:33.219 [warning] [python]: Couldn't find message for key python.tensorBoard.logDirectory.description.
2023-10-12 09:36:33.219 [warning] [python]: Couldn't find message for key python.terminal.activateEnvInCurrentTerminal.description.
2023-10-12 09:36:33.219 [warning] [python]: Couldn't find message for key python.terminal.activateEnvironment.description.
2023-10-12 09:36:33.220 [warning] [python]: Couldn't find message for key python.terminal.executeInFileDir.description.
2023-10-12 09:36:33.220 [warning] [python]: Couldn't find message for key python.terminal.focusAfterLaunch.description.
2023-10-12 09:36:33.220 [warning] [python]: Couldn't find message for key python.terminal.launchArgs.description.
2023-10-12 09:36:33.220 [warning] [python]: Couldn't find message for key python.testing.autoTestDiscoverOnSaveEnabled.description.
2023-10-12 09:36:33.220 [warning] [python]: Couldn't find message for key python.testing.cwd.description.
2023-10-12 09:36:33.220 [warning] [python]: Couldn't find message for key python.testing.debugPort.description.
2023-10-12 09:36:33.220 [warning] [python]: Couldn't find message for key python.testing.promptToConfigure.description.
2023-10-12 09:36:33.221 [warning] [python]: Couldn't find message for key python.testing.pytestArgs.description.
2023-10-12 09:36:33.221 [warning] [python]: Couldn't find message for key python.testing.pytestEnabled.description.
2023-10-12 09:36:33.221 [warning] [python]: Couldn't find message for key python.testing.pytestPath.description.
2023-10-12 09:36:33.221 [warning] [python]: Couldn't find message for key python.testing.unittestArgs.description.
2023-10-12 09:36:33.221 [warning] [python]: Couldn't find message for key python.testing.unittestEnabled.description.
2023-10-12 09:36:33.221 [warning] [python]: Couldn't find message for key python.venvFolders.description.
2023-10-12 09:36:33.221 [warning] [python]: Couldn't find message for key python.venvPath.description.
2023-10-12 09:36:33.222 [warning] [python]: Couldn't find message for key python.command.python.analysis.restartLanguageServer.title.
2023-10-12 09:36:33.222 [warning] [python]: Couldn't find message for key python.command.python.clearCacheAndReload.title.
2023-10-12 09:36:33.222 [warning] [python]: Couldn't find message for key python.command.python.clearWorkspaceInterpreter.title.
2023-10-12 09:36:33.222 [warning] [python]: Couldn't find message for key python.command.python.configureTests.title.
2023-10-12 09:36:33.222 [warning] [python]: Couldn't find message for key python.command.python.createEnvironment.title.
2023-10-12 09:36:33.222 [warning] [python]: Couldn't find message for key python.command.python.createEnvironment.title.
2023-10-12 09:36:33.222 [warning] [python]: Couldn't find message for key python.command.python.createTerminal.title.
2023-10-12 09:36:33.223 [warning] [python]: Couldn't find message for key python.command.python.enableLinting.title.
2023-10-12 09:36:33.223 [warning] [python]: Couldn't find message for key python.command.python.enableSourceMapSupport.title.
2023-10-12 09:36:33.223 [warning] [python]: Couldn't find message for key python.command.python.execInTerminal.title.
2023-10-12 09:36:33.223 [warning] [python]: Couldn't find message for key python.command.python.execInTerminalIcon.title.
2023-10-12 09:36:33.223 [warning] [python]: Couldn't find message for key python.command.python.execInDedicatedTerminal.title.
2023-10-12 09:36:33.224 [warning] [python]: Couldn't find message for key python.command.python.debugInTerminal.title.
2023-10-12 09:36:33.224 [warning] [python]: Couldn't find message for key python.command.python.execSelectionInDjangoShell.title.
2023-10-12 09:36:33.224 [warning] [python]: Couldn't find message for key python.command.python.execSelectionInTerminal.title.
2023-10-12 09:36:33.224 [warning] [python]: Couldn't find message for key python.command.python.launchTensorBoard.title.
2023-10-12 09:36:33.225 [warning] [python]: Couldn't find message for key python.command.python.refreshTensorBoard.title.
2023-10-12 09:36:33.225 [warning] [python]: Couldn't find message for key python.command.python.reportIssue.title.
2023-10-12 09:36:33.225 [warning] [python]: Couldn't find message for key python.command.testing.rerunFailedTests.title.
2023-10-12 09:36:33.225 [warning] [python]: Couldn't find message for key python.command.python.runLinting.title.
2023-10-12 09:36:33.225 [warning] [python]: Couldn't find message for key python.command.python.setInterpreter.title.
2023-10-12 09:36:33.225 [warning] [python]: Couldn't find message for key python.command.python.setLinter.title.
2023-10-12 09:36:33.225 [warning] [python]: Couldn't find message for key python.command.python.sortImports.title.
2023-10-12 09:36:33.226 [warning] [python]: Couldn't find message for key python.command.python.startREPL.title.
2023-10-12 09:36:33.226 [warning] [python]: Couldn't find message for key python.command.python.viewLanguageServerOutput.title.
2023-10-12 09:36:33.226 [warning] [python]: Couldn't find message for key python.command.python.viewOutput.title.
2023-10-12 09:36:33.226 [warning] [python]: Couldn't find message for key python.command.python.sortImports.title.
2023-10-12 09:36:33.226 [warning] [python]: Couldn't find message for key python.command.python.execInTerminalIcon.title.
2023-10-12 09:36:33.226 [warning] [python]: Couldn't find message for key python.command.python.execInDedicatedTerminal.title.
2023-10-12 09:36:33.226 [warning] [python]: Couldn't find message for key python.command.python.debugInTerminal.title.
2023-10-12 09:36:33.226 [warning] [python]: Couldn't find message for key python.editor.context.submenu.runPython.
2023-10-12 09:36:33.226 [warning] [python]: Couldn't find message for key python.editor.context.submenu.runPythonInteractive.
2023-10-12 09:36:33.359 [info] Deleted uninstalled extension from disk vscodevim.vim /home/arjuntina/.vscode-oss/extensions/vscodevim.vim-1.26.0-universal
2023-10-12 09:36:33.382 [error] [uncaught exception in sharedProcess]: Error: ENOENT: no such file or directory, stat '/home/arjuntina/.vscode-oss/extensions/vscodevim.vim-1.26.0-universal.-3d30110c.vsctmp': EntryNotFound (FileSystemError): Error: ENOENT: no such file or directory, stat '/home/arjuntina/.vscode-oss/extensions/vscodevim.vim-1.26.0-universal.-3d30110c.vsctmp'
    at s.create (/usr/share/vscodium/resources/app/out/vs/code/node/sharedProcess/sharedProcessMain.js:51:36019)
    at i (/usr/share/vscodium/resources/app/out/vs/code/node/sharedProcess/sharedProcessMain.js:51:36159)
    at t.toFileSystemProviderError (/usr/share/vscodium/resources/app/out/vs/code/node/sharedProcess/sharedProcessMain.js:56:47093)
    at t.stat (/usr/share/vscodium/resources/app/out/vs/code/node/sharedProcess/sharedProcessMain.js:56:37859)
    at async p.stat (/usr/share/vscodium/resources/app/out/vs/code/node/sharedProcess/sharedProcessMain.js:56:20678)
    at async K.onDidFilesChange (/usr/share/vscodium/resources/app/out/vs/code/node/sharedProcess/sharedProcessMain.js:109:12660)
2023-10-12 09:36:33.729 [info] Deleted uninstalled extension from disk ms-python.python /home/arjuntina/.vscode-oss/extensions/ms-python.python-2023.16.0-universal
2023-10-12 09:36:38.015 [info] Getting Manifest... ms-vscode.powershell
2023-10-12 09:36:38.573 [info] Installing extension: ms-vscode.powershell
2023-10-12 09:36:49.552 [info] Extension signature verification is not done: ms-vscode.powershell
2023-10-12 09:36:51.057 [info] Extracted extension to file:///home/arjuntina/.vscode-oss/extensions/ms-vscode.powershell-2023.8.0-universal: ms-vscode.powershell
2023-10-12 09:36:51.065 [info] Renamed to /home/arjuntina/.vscode-oss/extensions/ms-vscode.powershell-2023.8.0-universal
2023-10-12 09:36:51.067 [info] Extracting extension completed. ms-vscode.powershell
2023-10-12 09:36:51.077 [info] Extension installed successfully: ms-vscode.powershell
2023-10-12 09:36:51.080 [info] Marked extension as uninstalled ms-vscode.powershell-2023.6.0-universal
2023-10-12 09:36:51.152 [error] [uncaught exception in sharedProcess]: Error: ENOENT: no such file or directory, stat '/home/arjuntina/.vscode-oss/extensions/extensions.json.vsctmp': EntryNotFound (FileSystemError): Error: ENOENT: no such file or directory, stat '/home/arjuntina/.vscode-oss/extensions/extensions.json.vsctmp'
    at s.create (/usr/share/vscodium/resources/app/out/vs/code/node/sharedProcess/sharedProcessMain.js:51:36019)
    at i (/usr/share/vscodium/resources/app/out/vs/code/node/sharedProcess/sharedProcessMain.js:51:36159)
    at t.toFileSystemProviderError (/usr/share/vscodium/resources/app/out/vs/code/node/sharedProcess/sharedProcessMain.js:56:47093)
    at t.stat (/usr/share/vscodium/resources/app/out/vs/code/node/sharedProcess/sharedProcessMain.js:56:37859)
    at async p.stat (/usr/share/vscodium/resources/app/out/vs/code/node/sharedProcess/sharedProcessMain.js:56:20678)
    at async K.onDidFilesChange (/usr/share/vscodium/resources/app/out/vs/code/node/sharedProcess/sharedProcessMain.js:109:12660)
