CODE SETTINGS SYNC UPLOAD SUMMARY
Version: 3.4.3
--------------------
GitHub Token: gho_**********
GitHub Gist: dc2b686e8ff490b0b025e46b80c122c1
GitHub Gist Type: Secret

Restarting Visual Studio Code may be required to apply color and file icon theme.
--------------------
Files Uploaded:
  extensions.json > extensions.json
  settings.json > settings.json
  1sCp.json > History|-658bee8|1sCp.json
  Bwnn.json > History|-658bee8|Bwnn.json
  entries.json > History|-658bee8|entries.json
  r6v4.json > History|-658bee8|r6v4.json
  tjgO.json > History|-658bee8|tjgO.json
  storage.json > globalStorage|storage.json

Extensions Ignored:
  No extensions ignored.

Extensions Removed:
  No extensions removed.

Extensions Added:
  catppuccin-vsc-icons v0.28.0
  code-settings-sync v3.4.3
  haskell v2.4.1
  language-haskell v3.6.0
  LiveServer v5.7.9
  material-palenight-theme v2.0.2
  material-product-icons v1.6.0
  powershell v2023.6.0
  python v2023.16.0
  vim v1.26.0
  vscode-html-css v1.13.1
--------------------
Done.