2023-08-11 15:10:21.147 [info] Added views:workbench.panel.markers.view in workbench.panel.markers
2023-08-11 15:10:21.147 [info] Added views:workbench.panel.output in workbench.panel.output
2023-08-11 15:10:21.147 [info] Added views:terminal in terminal
2023-08-11 15:10:21.147 [info] Added views:outline in workbench.view.explorer
2023-08-11 15:10:21.147 [info] Added views:workbench.scm in workbench.view.scm
2023-08-11 15:10:21.147 [info] Added views:workbench.view.search in workbench.view.search
2023-08-11 15:10:21.147 [info] Added views:timeline in workbench.view.explorer
2023-08-11 15:10:21.147 [info] Added views:workbench.explorer.emptyView in workbench.view.explorer
2023-08-11 15:10:21.397 [info] Added views:workbench.debug.variablesView,workbench.debug.watchExpressionsView,workbench.debug.callStackView,workbench.debug.breakPointsView in workbench.view.debug
2023-08-11 15:10:21.566 [info] Added views:workbench.panel.repl.view in workbench.panel.repl
2023-08-11 15:10:21.567 [info] Removed views:workbench.debug.breakPointsView,workbench.debug.callStackView,workbench.debug.watchExpressionsView,workbench.debug.variablesView from workbench.view.debug
2023-08-11 15:10:21.567 [info] Added views:workbench.debug.welcome in workbench.view.debug
2023-08-11 15:10:34.275 [info] Added views:workbench.views.extensions.installed,workbench.views.extensions.popular,extensions.recommendedList in workbench.view.extensions
2023-08-11 15:10:34.277 [info] Removed views:workbench.views.extensions.popular from workbench.view.extensions
2023-08-11 15:10:34.546 [info] Added views:workbench.views.extensions.popular in workbench.view.extensions
2023-08-11 15:10:34.882 [info] Removed views:extensions.recommendedList,workbench.views.extensions.popular,workbench.views.extensions.installed from workbench.view.extensions
2023-08-11 15:10:34.903 [info] Added views:workbench.views.extensions.marketplace in workbench.view.extensions
2023-08-11 15:14:32.641 [info] Added views:workbench.panel.markers.view in workbench.panel.markers
2023-08-11 15:14:32.641 [info] Added views:workbench.panel.output in workbench.panel.output
2023-08-11 15:14:32.641 [info] Added views:terminal in terminal
2023-08-11 15:14:32.641 [info] Added views:outline in workbench.view.explorer
2023-08-11 15:14:32.641 [info] Added views:workbench.scm in workbench.view.scm
2023-08-11 15:14:32.641 [info] Added views:workbench.view.search in workbench.view.search
2023-08-11 15:14:32.641 [info] Added views:timeline in workbench.view.explorer
2023-08-11 15:14:32.641 [info] Added views:workbench.explorer.fileView in workbench.view.explorer
2023-08-11 15:14:32.885 [info] Added views:workbench.debug.variablesView,workbench.debug.watchExpressionsView,workbench.debug.callStackView,workbench.debug.breakPointsView in workbench.view.debug
2023-08-11 15:14:32.948 [info] Added views:workbench.panel.repl.view in workbench.panel.repl
2023-08-11 15:14:32.949 [info] Removed views:workbench.debug.breakPointsView,workbench.debug.callStackView,workbench.debug.watchExpressionsView,workbench.debug.variablesView from workbench.view.debug
2023-08-11 15:14:32.949 [info] Added views:workbench.debug.welcome in workbench.view.debug
2023-08-11 15:15:06.886 [info] Added views:workbench.views.extensions.installed,workbench.views.extensions.popular,extensions.recommendedList in workbench.view.extensions
2023-08-11 15:15:06.894 [info] Removed views:workbench.views.extensions.popular from workbench.view.extensions
2023-08-11 15:15:07.496 [info] Removed views:extensions.recommendedList,workbench.views.extensions.installed from workbench.view.extensions
2023-08-11 15:15:07.532 [info] Added views:workbench.views.extensions.marketplace in workbench.view.extensions
2023-08-11 15:16:03.589 [info] Removed views:workbench.views.extensions.marketplace from workbench.view.extensions
2023-08-11 15:16:03.609 [info] Added views:workbench.views.extensions.installed,extensions.recommendedList in workbench.view.extensions
2023-08-11 15:16:12.214 [info] Removed views:extensions.recommendedList,workbench.views.extensions.installed from workbench.view.extensions
2023-08-11 15:16:12.226 [info] Added views:workbench.views.extensions.marketplace in workbench.view.extensions
2023-08-11 15:35:00.477 [info] Removed views:workbench.views.extensions.marketplace from workbench.view.extensions
2023-08-11 15:35:00.508 [info] Added views:workbench.views.extensions.installed,extensions.recommendedList in workbench.view.extensions
2023-08-11 15:35:01.345 [info] Removed views:extensions.recommendedList,workbench.views.extensions.installed from workbench.view.extensions
2023-08-11 15:35:01.375 [info] Added views:workbench.views.extensions.marketplace in workbench.view.extensions
