2023-08-23 07:15:49.398 [info] Extension host with pid 10170 started
2023-08-23 07:15:49.398 [info] Skipping acquiring lock for /home/arjuntina/.config/VSCodium/User/workspaceStorage/95668eb2ef034986250e769f2e11338c.
2023-08-23 07:15:49.498 [info] ExtensionService#_doActivateExtension vscode.emmet, startup: false, activationEvent: 'onLanguage'
2023-08-23 07:15:49.548 [info] ExtensionService#_doActivateExtension vscode.git-base, startup: true, activationEvent: '*', root cause: vscode.git
2023-08-23 07:15:49.550 [info] ExtensionService#_doActivateExtension ecmel.vscode-html-css, startup: true, activationEvent: '*'
2023-08-23 07:15:49.574 [info] ExtensionService#_doActivateExtension Shan.code-settings-sync, startup: true, activationEvent: '*'
2023-08-23 07:15:49.638 [info] ExtensionService#_doActivateExtension vscodevim.vim, startup: true, activationEvent: '*'
2023-08-23 07:15:49.793 [info] ExtensionService#_doActivateExtension vscode.git, startup: true, activationEvent: '*'
2023-08-23 07:15:49.822 [info] ExtensionService#_doActivateExtension vscode.github, startup: true, activationEvent: '*'
2023-08-23 07:15:49.929 [info] Eager extensions activated
2023-08-23 07:15:49.948 [info] ExtensionService#_doActivateExtension vscode.debug-auto-launch, startup: false, activationEvent: 'onStartupFinished'
2023-08-23 07:15:49.952 [info] ExtensionService#_doActivateExtension vscode.merge-conflict, startup: false, activationEvent: 'onStartupFinished'
2023-08-23 07:15:49.959 [info] ExtensionService#_doActivateExtension ritwickdey.LiveServer, startup: false, activationEvent: 'onStartupFinished'
2023-08-23 07:15:53.091 [info] ExtensionService#_doActivateExtension vscode.github-authentication, startup: false, activationEvent: 'onAuthenticationRequest:github'
2023-08-23 07:17:01.394 [info] Extension host terminating: renderer closed the MessagePort
2023-08-23 07:17:01.405 [error] Canceled: Canceled
	at new d (/usr/share/vscodium/resources/app/out/vs/workbench/api/node/extensionHostProcess.js:102:63475)
	at t._remoteCall (/usr/share/vscodium/resources/app/out/vs/workbench/api/node/extensionHostProcess.js:114:10623)
	at N.<computed>.F.charCodeAt.N.<computed> (/usr/share/vscodium/resources/app/out/vs/workbench/api/node/extensionHostProcess.js:114:7163)
	at a._doExecuteCommand (/usr/share/vscodium/resources/app/out/vs/workbench/api/node/extensionHostProcess.js:102:88663)
	at a.executeCommand (/usr/share/vscodium/resources/app/out/vs/workbench/api/node/extensionHostProcess.js:102:87988)
	at w.registerCommand.description (/usr/share/vscodium/resources/app/out/vs/workbench/api/node/extensionHostProcess.js:102:87229)
	at a._executeContributedCommand (/usr/share/vscodium/resources/app/out/vs/workbench/api/node/extensionHostProcess.js:102:89298)
	at a._doExecuteCommand (/usr/share/vscodium/resources/app/out/vs/workbench/api/node/extensionHostProcess.js:102:88121)
	at a.executeCommand (/usr/share/vscodium/resources/app/out/vs/workbench/api/node/extensionHostProcess.js:102:87988)
	at Object.executeCommand (/usr/share/vscodium/resources/app/out/vs/workbench/api/node/extensionHostProcess.js:120:27031)
	at r.D [as value] (/usr/share/vscodium/resources/app/extensions/git/dist/main.js:2:1261639)
	at f._deliver (/usr/share/vscodium/resources/app/out/vs/workbench/api/node/extensionHostProcess.js:63:2465)
	at f._deliverQueue (/usr/share/vscodium/resources/app/out/vs/workbench/api/node/extensionHostProcess.js:63:2556)
	at f.fire (/usr/share/vscodium/resources/app/out/vs/workbench/api/node/extensionHostProcess.js:63:2891)
	at Object.m [as dispose] (/usr/share/vscodium/resources/app/extensions/git/dist/main.js:2:1277242)
	at /usr/share/vscodium/resources/app/extensions/git/dist/main.js:2:1281972
	at Array.forEach (<anonymous>)
	at g.dispose (/usr/share/vscodium/resources/app/extensions/git/dist/main.js:2:1281958)
	at b.<anonymous> (/usr/share/vscodium/resources/app/out/vs/workbench/api/node/extensionHostProcess.js:98:4943)
	at b.dispose (/usr/share/vscodium/resources/app/out/vs/workbench/api/node/extensionHostProcess.js:98:5040)
	at b.<anonymous> (/usr/share/vscodium/resources/app/extensions/git/dist/main.js:2:1263652)
	at b.dispose (/usr/share/vscodium/resources/app/out/vs/workbench/api/node/extensionHostProcess.js:98:5040)
	at C (/usr/share/vscodium/resources/app/out/vs/workbench/api/node/extensionHostProcess.js:13:12153)
	at r._deactivate (/usr/share/vscodium/resources/app/out/vs/workbench/api/node/extensionHostProcess.js:116:12653)
	at /usr/share/vscodium/resources/app/out/vs/workbench/api/node/extensionHostProcess.js:116:9849
	at Array.map (<anonymous>)
	at r._deactivateAll (/usr/share/vscodium/resources/app/out/vs/workbench/api/node/extensionHostProcess.js:116:9837)
	at r.terminate (/usr/share/vscodium/resources/app/out/vs/workbench/api/node/extensionHostProcess.js:116:10220)
	at s.terminate (/usr/share/vscodium/resources/app/out/vs/workbench/api/node/extensionHostProcess.js:120:1901)
	at I (/usr/share/vscodium/resources/app/out/vs/workbench/api/node/extensionHostProcess.js:130:38659)
	at MessagePortMain.<anonymous> (/usr/share/vscodium/resources/app/out/vs/workbench/api/node/extensionHostProcess.js:130:34734)
	at MessagePortMain.emit (node:events:513:28)
	at MessagePortMain._internalPort.emit (node:electron/js2c/utility_init:2:367) setContext undefined
2023-08-23 07:17:01.410 [error] Canceled: Canceled
	at new d (/usr/share/vscodium/resources/app/out/vs/workbench/api/node/extensionHostProcess.js:102:63475)
	at t._remoteCall (/usr/share/vscodium/resources/app/out/vs/workbench/api/node/extensionHostProcess.js:114:10623)
	at N.<computed>.F.charCodeAt.N.<computed> (/usr/share/vscodium/resources/app/out/vs/workbench/api/node/extensionHostProcess.js:114:7163)
	at a._doExecuteCommand (/usr/share/vscodium/resources/app/out/vs/workbench/api/node/extensionHostProcess.js:102:88663)
	at a.executeCommand (/usr/share/vscodium/resources/app/out/vs/workbench/api/node/extensionHostProcess.js:102:87988)
	at w.registerCommand.description (/usr/share/vscodium/resources/app/out/vs/workbench/api/node/extensionHostProcess.js:102:87229)
	at a._executeContributedCommand (/usr/share/vscodium/resources/app/out/vs/workbench/api/node/extensionHostProcess.js:102:89298)
	at a._doExecuteCommand (/usr/share/vscodium/resources/app/out/vs/workbench/api/node/extensionHostProcess.js:102:88121)
	at a.executeCommand (/usr/share/vscodium/resources/app/out/vs/workbench/api/node/extensionHostProcess.js:102:87988)
	at Object.executeCommand (/usr/share/vscodium/resources/app/out/vs/workbench/api/node/extensionHostProcess.js:120:27031)
	at set b [as b] (/usr/share/vscodium/resources/app/extensions/github/dist/extension.js:2:676132)
	at /usr/share/vscodium/resources/app/extensions/github/dist/extension.js:2:676776
	at r.value (/usr/share/vscodium/resources/app/extensions/git/dist/main.js:2:1349125)
	at f._deliver (/usr/share/vscodium/resources/app/out/vs/workbench/api/node/extensionHostProcess.js:63:2465)
	at f._deliverQueue (/usr/share/vscodium/resources/app/out/vs/workbench/api/node/extensionHostProcess.js:63:2556)
	at f.fire (/usr/share/vscodium/resources/app/out/vs/workbench/api/node/extensionHostProcess.js:63:2891)
	at Object.m [as dispose] (/usr/share/vscodium/resources/app/extensions/git/dist/main.js:2:1277242)
	at /usr/share/vscodium/resources/app/extensions/git/dist/main.js:2:1281972
	at Array.forEach (<anonymous>)
	at g.dispose (/usr/share/vscodium/resources/app/extensions/git/dist/main.js:2:1281958)
	at b.<anonymous> (/usr/share/vscodium/resources/app/out/vs/workbench/api/node/extensionHostProcess.js:98:4943)
	at b.dispose (/usr/share/vscodium/resources/app/out/vs/workbench/api/node/extensionHostProcess.js:98:5040)
	at b.<anonymous> (/usr/share/vscodium/resources/app/extensions/git/dist/main.js:2:1263652)
	at b.dispose (/usr/share/vscodium/resources/app/out/vs/workbench/api/node/extensionHostProcess.js:98:5040)
	at C (/usr/share/vscodium/resources/app/out/vs/workbench/api/node/extensionHostProcess.js:13:12153)
	at r._deactivate (/usr/share/vscodium/resources/app/out/vs/workbench/api/node/extensionHostProcess.js:116:12653)
	at /usr/share/vscodium/resources/app/out/vs/workbench/api/node/extensionHostProcess.js:116:9849
	at Array.map (<anonymous>)
	at r._deactivateAll (/usr/share/vscodium/resources/app/out/vs/workbench/api/node/extensionHostProcess.js:116:9837)
	at r.terminate (/usr/share/vscodium/resources/app/out/vs/workbench/api/node/extensionHostProcess.js:116:10220)
	at s.terminate (/usr/share/vscodium/resources/app/out/vs/workbench/api/node/extensionHostProcess.js:120:1901)
	at I (/usr/share/vscodium/resources/app/out/vs/workbench/api/node/extensionHostProcess.js:130:38659)
	at MessagePortMain.<anonymous> (/usr/share/vscodium/resources/app/out/vs/workbench/api/node/extensionHostProcess.js:130:34734)
	at MessagePortMain.emit (node:events:513:28)
	at MessagePortMain._internalPort.emit (node:electron/js2c/utility_init:2:367) setContext undefined
2023-08-23 07:17:01.411 [info] Extension host with pid 10170 exiting with code 0
2023-08-23 07:17:02.804 [info] Extension host with pid 10473 started
2023-08-23 07:17:02.804 [info] Skipping acquiring lock for /home/arjuntina/.config/VSCodium/User/workspaceStorage/2b0cc0506cffeed17081b4f01b03c806.
2023-08-23 07:17:02.835 [info] ExtensionService#_doActivateExtension vscode.git-base, startup: true, activationEvent: '*'
2023-08-23 07:17:02.838 [info] ExtensionService#_doActivateExtension vscodevim.vim, startup: true, activationEvent: '*'
2023-08-23 07:17:02.969 [info] ExtensionService#_doActivateExtension vscode.github, startup: true, activationEvent: '*'
2023-08-23 07:17:03.010 [info] Eager extensions activated
2023-08-23 07:17:03.021 [info] ExtensionService#_doActivateExtension vscode.debug-auto-launch, startup: false, activationEvent: 'onStartupFinished'
2023-08-23 07:17:03.023 [info] ExtensionService#_doActivateExtension vscode.merge-conflict, startup: false, activationEvent: 'onStartupFinished'
2023-08-23 07:17:04.502 [info] ExtensionService#_doActivateExtension vscode.git, startup: false, activationEvent: 'api', root cause: vscode.github
2023-08-23 07:17:04.523 [info] ExtensionService#_doActivateExtension ecmel.vscode-html-css, startup: false, activationEvent: '*'
2023-08-23 07:17:04.539 [info] ExtensionService#_doActivateExtension ritwickdey.LiveServer, startup: false, activationEvent: 'onStartupFinished'
2023-08-23 07:17:04.545 [info] ExtensionService#_doActivateExtension Shan.code-settings-sync, startup: false, activationEvent: '*'
2023-08-23 07:17:05.794 [info] ExtensionService#_doActivateExtension vscode.emmet, startup: false, activationEvent: 'onLanguage'
2023-08-23 07:17:32.652 [info] ExtensionService#_doActivateExtension vscode.json-language-features, startup: false, activationEvent: 'onLanguage:jsonc'
2023-08-23 07:17:32.671 [info] ExtensionService#_doActivateExtension vscode.typescript-language-features, startup: false, activationEvent: 'onLanguage:jsonc'
2023-08-23 07:18:14.554 [info] ExtensionService#_doActivateExtension ms-python.python, startup: false, activationEvent: 'onWalkthrough:pythonWelcome'
2023-08-23 07:23:53.438 [info] Extension host terminating: renderer closed the MessagePort
2023-08-23 07:23:53.460 [info] Extension host with pid 10473 exiting with code 0
