Realtime Extension Download Summary
--------------------
TOTAL EXTENSIONS : 9



[x] - EXTENSION: catppuccin-vsc-icons - INSTALLING

[x] - EXTENSION: catppuccin-vsc-icons INSTALLED.
      1 OF 9 INSTALLED


[x] - EXTENSION: haskell - INSTALLING

[x] - EXTENSION: haskell INSTALLED.
      2 OF 9 INSTALLED


[x] - EXTENSION: language-haskell - INSTALLING

[x] - EXTENSION: language-haskell INSTALLED.
      3 OF 9 INSTALLED


[x] - EXTENSION: LiveServer - INSTALLING

[x] - EXTENSION: LiveServer INSTALLED.
      4 OF 9 INSTALLED


[x] - EXTENSION: material-palenight-theme - INSTALLING

[x] - EXTENSION: material-palenight-theme INSTALLED.
      5 OF 9 INSTALLED


[x] - EXTENSION: material-product-icons - INSTALLING

[x] - EXTENSION: material-product-icons INSTALLED.
      6 OF 9 INSTALLED


[x] - EXTENSION: powershell - INSTALLING

[x] - EXTENSION: powershell INSTALLED.
      7 OF 9 INSTALLED


[x] - EXTENSION: vim - INSTALLING

[x] - EXTENSION: vim INSTALLED.
      8 OF 9 INSTALLED


[x] - EXTENSION: vscode-html-css - INSTALLING

[x] - EXTENSION: vscode-html-css INSTALLED.
      9 OF 9 INSTALLED

CODE SETTINGS SYNC DOWNLOAD SUMMARY
Version: 3.4.3
--------------------
GitHub Token: gho_**********
GitHub Gist: dc2b686e8ff490b0b025e46b80c122c1
GitHub Gist Type: Secret

Restarting Visual Studio Code may be required to apply color and file icon theme.
--------------------
Files Downloaded:
  History\-15a5c001\52TO.json > History\-15a5c001\52TO.json
  History\-15a5c001\BsSM.json > History\-15a5c001\BsSM.json
  History\-15a5c001\DEaj.json > History\-15a5c001\DEaj.json
  History\-15a5c001\ZW59.json > History\-15a5c001\ZW59.json
  History\-15a5c001\entries.json > History\-15a5c001\entries.json
  History\-15a5c001\kq1O.json > History\-15a5c001\kq1O.json
  extensions.json > extensions.json
  globalStorage\ms-vscode.powershell\sessions\PSES-VSCode-4288-155104.json > globalStorage\ms-vscode.powershell\sessions\PSES-VSCode-4288-155104.json
  globalStorage\storage.json > globalStorage\storage.json
  keybindings.json > keybindings.json
  settings.json > settings.json

Extensions Ignored:
  No extensions ignored.

Extensions Removed:
  No extensions removed.

Extensions Added:
  catppuccin-vsc-icons v0.26.0
  haskell v2.4.1
  language-haskell v3.6.0
  LiveServer v5.7.9
  material-palenight-theme v2.0.2
  material-product-icons v1.6.0
  powershell v2023.6.0
  vim v1.25.2
  vscode-html-css v1.13.1
--------------------
Done.