2023-10-05 08:38:59.506 [info] /home/arjuntina/.config/VSCodium/User/settings.json closed
2023-10-05 08:38:59.513 [info] Configuration changed
2023-10-05 08:39:21.988 [info] Configuration changed
2023-10-05 08:39:29.509 [info] /home/arjuntina/.config/VSCodium/User/settings.json closed
2023-10-05 08:39:29.514 [info] Configuration changed
2023-10-05 08:39:30.845 [info] /home/arjuntina/.config/VSCodium/User/settings.json closed
2023-10-05 08:39:30.860 [info] Configuration changed
2023-10-05 08:39:32.236 [info] /home/arjuntina/.config/VSCodium/User/settings.json closed
2023-10-05 08:39:32.248 [info] Configuration changed
2023-10-05 08:39:36.641 [info] /home/arjuntina/.config/VSCodium/User/settings.json closed
2023-10-05 08:39:36.654 [info] Configuration changed
2023-10-05 08:39:51.984 [info] /home/arjuntina/.config/VSCodium/User/settings.json closed
2023-10-05 08:39:51.996 [info] Configuration changed
2023-10-05 08:40:12.053 [info] Configuration changed
2023-10-05 08:40:15.062 [info] Configuration changed
2023-10-05 08:40:22.306 [info] Active editor: file:///home/arjuntina/Files/BU/Classes/CS/Java/MyArray.java
2023-10-05 08:40:24.385 [info] /home/arjuntina/.config/VSCodium/User/settings.json closed
2023-10-05 08:40:24.391 [info] Configuration changed
2023-10-05 08:40:44.816 [info] /home/arjuntina/Files/BU/Classes/CS/Java/MyArray.java closed
2023-10-05 08:42:00.713 [info] Active editor: file:///home/arjuntina/Files/BU/Classes/CS/Java/MyArray.java
2023-10-05 08:43:30.008 [info] extension-output-Shan.code-settings-sync-#1-Code Settings Sync closed
2023-10-05 08:44:37.809 [info] Active editor: untitled:Untitled-1
2023-10-05 08:44:41.012 [info] Configuration changed
2023-10-05 08:44:42.168 [info] Untitled-1 closed
2023-10-05 08:44:42.189 [info] Active editor: file:///home/arjuntina/Files/BU/Classes/CS/Java/MyArray.java
2023-10-05 08:44:53.717 [info] Configuration changed
2023-10-05 08:44:54.093 [info] Configuration changed
2023-10-05 08:44:54.619 [info] Configuration changed
2023-10-05 08:45:52.670 [info] Active editor: vscode-userdata:/home/arjuntina/.config/VSCodium/User/keybindings.json
2023-10-05 08:46:06.079 [warning] invalid cursor position. [[6, 0] | [6, 0]].
2023-10-05 08:46:27.727 [info] Executing :w
2023-10-05 08:46:34.307 [info] /home/arjuntina/.config/VSCodium/User/keybindings.json closed
2023-10-05 08:46:40.282 [info] Active editor: file:///home/arjuntina/Files/BU/Classes/CS/Java/MyArray.java
2023-10-05 08:46:58.104 [info] /home/arjuntina/.config/VSCodium/User/settings.json closed
2023-10-05 08:46:58.119 [info] Configuration changed
2023-10-05 08:47:02.979 [info] /home/arjuntina/.config/VSCodium/User/settings.json closed
2023-10-05 08:47:02.994 [info] Configuration changed
2023-10-05 08:48:53.102 [info] /keybindings closed
2023-10-05 08:49:10.939 [info] Configuration changed
2023-10-05 08:49:11.192 [info] Configuration changed
2023-10-05 08:49:54.375 [info] /home/arjuntina/.config/VSCodium/User/settings.json closed
2023-10-05 08:49:54.395 [info] Configuration changed
2023-10-05 08:49:56.842 [info] Active editor: output:rendererLog
2023-10-05 08:50:05.552 [info] Active editor: file:///home/arjuntina/Files/BU/Classes/CS/Java/MyArray.java
2023-10-05 08:50:08.415 [info] rendererLog closed
2023-10-05 08:50:13.157 [info] Active editor: file:///home/arjuntina/Files/BU/Classes/CS/Java/ScopePuzzle.java
2023-10-05 08:50:19.242 [info] Executing :w
2023-10-05 08:50:27.009 [info] /home/arjuntina/Files/BU/Classes/CS/Java/ScopePuzzle.java closed
2023-10-05 08:50:27.016 [info] Active editor: file:///home/arjuntina/Files/BU/Classes/CS/Java/MyArray.java
