Realtime Extension Download Summary
--------------------
Sync : No Extensions needs to be installed.
CODE SETTINGS SYNC DOWNLOAD SUMMARY
Version: 3.4.3
--------------------
GitHub Token: gho_**********
GitHub Gist: dc2b686e8ff490b0b025e46b80c122c1
GitHub Gist Type: Secret

Restarting Visual Studio Code may be required to apply color and file icon theme.
--------------------
Files Downloaded:
  History\-15a5c001\52TO.json > History\-15a5c001\52TO.json
  History\-15a5c001\BsSM.json > History\-15a5c001\BsSM.json
  History\-15a5c001\DEaj.json > History\-15a5c001\DEaj.json
  History\-15a5c001\VeJu.json > History\-15a5c001\VeJu.json
  History\-15a5c001\ZW59.json > History\-15a5c001\ZW59.json
  History\-15a5c001\entries.json > History\-15a5c001\entries.json
  History\-15a5c001\kq1O.json > History\-15a5c001\kq1O.json
  History\-431c5ad9\entries.json > History\-431c5ad9\entries.json
  extensions.json > extensions.json
  globalStorage\ms-vscode.powershell\sessions\PSES-VSCode-4288-155104.json > globalStorage\ms-vscode.powershell\sessions\PSES-VSCode-4288-155104.json
  globalStorage\storage.json > globalStorage\storage.json
  keybindings.json > keybindings.json
  settings.json > settings.json

Extensions Ignored:
  No extensions ignored.

Extensions Removed:
  No extensions removed.

Extensions Added:
  No extensions installed.
--------------------
Done.CODE SETTINGS SYNC UPLOAD SUMMARY
Version: 3.4.3
--------------------
GitHub Token: gho_**********
GitHub Gist: dc2b686e8ff490b0b025e46b80c122c1
GitHub Gist Type: Secret

Restarting Visual Studio Code may be required to apply color and file icon theme.
--------------------
Files Uploaded:
  extensions.json > extensions.json
  keybindings.json > keybindings.json
  settings.json > settings.json
  52TO.json > History|-15a5c001|52TO.json
  BsSM.json > History|-15a5c001|BsSM.json
  DEaj.json > History|-15a5c001|DEaj.json
  VeJu.json > History|-15a5c001|VeJu.json
  ZW59.json > History|-15a5c001|ZW59.json
  entries.json > History|-15a5c001|entries.json
  kq1O.json > History|-15a5c001|kq1O.json
  entries.json > History|-431c5ad9|entries.json
  entries.json > History|-4ff75adf|entries.json
  entries.json > History|6fa50eb8|entries.json
  37TH.json > History|-658bee8|37TH.json
  F4Ns.json > History|-658bee8|F4Ns.json
  Hv6k.json > History|-658bee8|Hv6k.json
  Nbgh.json > History|-658bee8|Nbgh.json
  WtiF.json > History|-658bee8|WtiF.json
  eiuY.json > History|-658bee8|eiuY.json
  entries.json > History|-658bee8|entries.json
  sR5U.json > History|-658bee8|sR5U.json
  uqxQ.json > History|-658bee8|uqxQ.json
  wAyX.json > History|-658bee8|wAyX.json
  storage.json > globalStorage|storage.json
  PSES-VSCode-4288-155104.json > globalStorage|ms-vscode.powershell|sessions|PSES-VSCode-4288-155104.json

Extensions Ignored:
  No extensions ignored.

Extensions Removed:
  No extensions removed.

Extensions Added:
  catppuccin-vsc-icons v0.26.0
  code-settings-sync v3.4.3
  haskell v2.4.1
  language-haskell v3.6.0
  LiveServer v5.7.9
  material-palenight-theme v2.0.2
  material-product-icons v1.6.0
  powershell v2023.6.0
  python v2023.12.0
  vim v1.25.2
  vscode-html-css v1.13.1
--------------------
Done.