2023-08-23 07:15:50.004 [info] Log level: Info
2023-08-23 07:15:50.004 [info] Validating found git in: "git"
2023-08-23 07:15:50.004 [info] Using git "2.41.0" from "git"
2023-08-23 07:15:50.004 [info] > git rev-parse --show-toplevel [14ms]
2023-08-23 07:15:50.004 [info] > git rev-parse --git-dir --git-common-dir [7ms]
2023-08-23 07:15:50.004 [info] Open repository: /home/arjuntina/Files/BU/Classes/Psychology/psychTextbook
2023-08-23 07:15:50.006 [info] > git config --get commit.template [3ms]
2023-08-23 07:15:50.019 [info] > git for-each-ref --format=%(refname)%00%(upstream:short)%00%(objectname)%00%(upstream:track)%00%(upstream:remotename)%00%(upstream:remoteref) refs/heads/main refs/remotes/main [6ms]
2023-08-23 07:15:50.026 [info] > git rev-parse --show-toplevel [8ms]
2023-08-23 07:15:50.032 [info] > git rev-parse --show-toplevel [1ms]
2023-08-23 07:15:50.324 [info] > git show --textconv :Textbook [6ms]
2023-08-23 07:15:50.327 [info] > git ls-files --stage -- /home/arjuntina/Files/BU/Classes/Psychology/psychTextbook/Textbook [4ms]
2023-08-23 07:15:50.515 [info] > git check-ignore -v -z --stdin [3ms]
2023-08-23 07:15:53.071 [info] > git status -z -uall [3045ms]
2023-08-23 07:15:53.085 [info] > git config --get commit.template [2ms]
2023-08-23 07:15:53.102 [info] > git for-each-ref --format=%(refname)%00%(upstream:short)%00%(objectname)%00%(upstream:track)%00%(upstream:remotename)%00%(upstream:remoteref) refs/heads/main refs/remotes/main [12ms]
2023-08-23 07:15:54.297 [info] > git status -z -uall [1192ms]
2023-08-23 07:16:13.697 [info] > git rev-parse --show-toplevel [1ms]
2023-08-23 07:16:13.697 [info] fatal: not a git repository (or any of the parent directories): .git
2023-08-23 07:16:20.003 [info] > git rev-parse --show-toplevel [1ms]
2023-08-23 07:16:20.003 [info] fatal: not a git repository (or any of the parent directories): .git
2023-08-23 07:17:04.612 [info] Log level: Info
2023-08-23 07:17:04.612 [info] Validating found git in: "git"
2023-08-23 07:17:04.612 [info] Using git "2.41.0" from "git"
2023-08-23 07:17:04.619 [info] > git rev-parse --show-toplevel [9ms]
2023-08-23 07:17:04.619 [info] fatal: not a git repository (or any of the parent directories): .git
2023-08-23 07:17:04.633 [info] > git rev-parse --show-toplevel [5ms]
2023-08-23 07:17:04.633 [info] fatal: not a git repository (or any of the parent directories): .git
2023-08-23 07:17:05.721 [info] > git rev-parse --show-toplevel [0ms]
2023-08-23 07:17:05.721 [info] fatal: not a git repository (or any of the parent directories): .git
2023-08-23 07:17:32.723 [info] > git rev-parse --show-toplevel [11ms]
2023-08-23 07:17:32.723 [info] fatal: not a git repository (or any of the parent directories): .git
2023-08-23 07:18:14.356 [info] > git rev-parse --show-toplevel [0ms]
2023-08-23 07:18:14.356 [info] fatal: not a git repository (or any of the parent directories): .git
2023-08-23 07:18:47.568 [info] > git rev-parse --show-toplevel [2ms]
2023-08-23 07:18:47.568 [info] fatal: not a git repository (or any of the parent directories): .git
2023-08-23 07:19:06.695 [info] > git rev-parse --show-toplevel [2ms]
2023-08-23 07:19:06.695 [info] fatal: not a git repository (or any of the parent directories): .git
