2023-10-11 12:11:18.935 [info] Extension host with pid 16338 started
2023-10-11 12:11:18.935 [info] Skipping acquiring lock for /home/arjuntina/.config/VSCodium/User/workspaceStorage/f0fa4bbf0cb772b1504c9c43ee817bb6.
2023-10-11 12:11:19.210 [info] ExtensionService#_doActivateExtension vscode.emmet, startup: false, activationEvent: 'onLanguage'
2023-10-11 12:11:19.232 [info] ExtensionService#_doActivateExtension redhat.java, startup: false, activationEvent: 'onLanguage:java'
2023-10-11 12:11:19.564 [warning] [redhat.java] Accessing a resource scoped configuration without providing a resource is not expected. To get the effective value for '[java]', provide the URI of a resource or 'null' for any resource.
2023-10-11 12:11:19.640 [info] ExtensionService#_doActivateExtension vscode.git-base, startup: true, activationEvent: '*', root cause: vscode.git
2023-10-11 12:11:19.644 [info] ExtensionService#_doActivateExtension ecmel.vscode-html-css, startup: true, activationEvent: '*'
2023-10-11 12:11:19.695 [info] ExtensionService#_doActivateExtension Shan.code-settings-sync, startup: true, activationEvent: '*'
2023-10-11 12:11:19.822 [info] ExtensionService#_doActivateExtension vscodevim.vim, startup: true, activationEvent: '*'
2023-10-11 12:11:20.038 [info] ExtensionService#_doActivateExtension vscode.git, startup: true, activationEvent: '*'
2023-10-11 12:11:20.153 [info] ExtensionService#_doActivateExtension vscode.github, startup: true, activationEvent: '*'
2023-10-11 12:11:20.205 [warning] [redhat.java] Accessing a resource scoped configuration without providing a resource is not expected. To get the effective value for '[java]', provide the URI of a resource or 'null' for any resource.
2023-10-11 12:11:20.339 [info] Eager extensions activated
2023-10-11 12:11:20.353 [info] ExtensionService#_doActivateExtension vscode.debug-auto-launch, startup: false, activationEvent: 'onStartupFinished'
2023-10-11 12:11:20.357 [info] ExtensionService#_doActivateExtension vscode.merge-conflict, startup: false, activationEvent: 'onStartupFinished'
2023-10-11 12:11:20.404 [info] ExtensionService#_doActivateExtension ritwickdey.LiveServer, startup: false, activationEvent: 'onStartupFinished'
2023-10-11 12:11:24.282 [error] [redhat.java] provider FAILED
2023-10-11 12:11:24.287 [error] Error: The request (id: 4, method: 'textDocument/hover') has been cancelled
	at /home/arjuntina/.vscode-oss/extensions/redhat.java-1.23.0-linux-x64/dist/extension.js:2:1091970
	at ie (/home/arjuntina/.vscode-oss/extensions/redhat.java-1.23.0-linux-x64/dist/extension.js:2:1092264)
	at /home/arjuntina/.vscode-oss/extensions/redhat.java-1.23.0-linux-x64/dist/extension.js:2:1087048
	at Immediate.<anonymous> (/home/arjuntina/.vscode-oss/extensions/redhat.java-1.23.0-linux-x64/dist/extension.js:2:1087068)
	at process.processImmediate (node:internal/timers:476:21)
2023-10-11 12:11:35.303 [error] [redhat.java] provider FAILED
2023-10-11 12:11:35.306 [error] Error: The request (id: 16, method: 'textDocument/hover') has been cancelled
	at /home/arjuntina/.vscode-oss/extensions/redhat.java-1.23.0-linux-x64/dist/extension.js:2:1091970
	at ie (/home/arjuntina/.vscode-oss/extensions/redhat.java-1.23.0-linux-x64/dist/extension.js:2:1092264)
	at /home/arjuntina/.vscode-oss/extensions/redhat.java-1.23.0-linux-x64/dist/extension.js:2:1087048
	at Immediate.<anonymous> (/home/arjuntina/.vscode-oss/extensions/redhat.java-1.23.0-linux-x64/dist/extension.js:2:1087068)
	at process.processImmediate (node:internal/timers:476:21)
2023-10-11 12:12:19.072 [info] ExtensionService#_doActivateExtension vscode.json-language-features, startup: false, activationEvent: 'onLanguage:jsonc'
2023-10-11 12:12:19.144 [info] ExtensionService#_doActivateExtension vscode.typescript-language-features, startup: false, activationEvent: 'onLanguage:jsonc'
2023-10-11 12:12:21.979 [error] [redhat.java] provider FAILED
2023-10-11 12:12:21.982 [error] Error: The request (id: 44, method: 'textDocument/hover') has been cancelled
	at /home/arjuntina/.vscode-oss/extensions/redhat.java-1.23.0-linux-x64/dist/extension.js:2:1091970
	at ie (/home/arjuntina/.vscode-oss/extensions/redhat.java-1.23.0-linux-x64/dist/extension.js:2:1092264)
	at /home/arjuntina/.vscode-oss/extensions/redhat.java-1.23.0-linux-x64/dist/extension.js:2:1087048
	at Immediate.<anonymous> (/home/arjuntina/.vscode-oss/extensions/redhat.java-1.23.0-linux-x64/dist/extension.js:2:1087068)
	at process.processImmediate (node:internal/timers:476:21)
2023-10-11 12:12:32.288 [error] [redhat.java] provider FAILED
2023-10-11 12:12:32.288 [error] Error: The request (id: 49, method: 'textDocument/hover') has been cancelled
	at /home/arjuntina/.vscode-oss/extensions/redhat.java-1.23.0-linux-x64/dist/extension.js:2:1091970
	at ie (/home/arjuntina/.vscode-oss/extensions/redhat.java-1.23.0-linux-x64/dist/extension.js:2:1092264)
	at /home/arjuntina/.vscode-oss/extensions/redhat.java-1.23.0-linux-x64/dist/extension.js:2:1087048
	at Immediate.<anonymous> (/home/arjuntina/.vscode-oss/extensions/redhat.java-1.23.0-linux-x64/dist/extension.js:2:1087068)
	at process.processImmediate (node:internal/timers:476:21)
2023-10-11 12:50:14.409 [info] Extension host terminating: renderer closed the MessagePort
2023-10-11 12:50:14.428 [info] Extension host with pid 16338 exiting with code 0
