2023-08-23 07:15:49.848 [info] Configuration changed
2023-08-23 07:15:50.083 [info] Configuration changed
2023-08-23 07:16:13.690 [info] Active editor: file:///home/arjuntina/.config/qtile/config.py
2023-08-23 07:16:20.033 [info] tasks closed
2023-08-23 07:16:42.970 [info] /home/arjuntina/Files/BU/Classes/Psychology/psychTextbook/Textbook closed
2023-08-23 07:16:42.971 [info] /home/arjuntina/Files/BU/Classes/Psychology/psychTextbook/Textbook.git closed
2023-08-23 07:17:03.005 [info] Configuration changed
2023-08-23 07:17:04.436 [info] Configuration changed
2023-08-23 07:17:05.713 [info] Active editor: file:///home/arjuntina/.config/qtile/config.py
2023-08-23 07:17:32.690 [info] /home/arjuntina/.config/VSCodium/User/settings.json closed
2023-08-23 07:17:32.700 [info] Configuration changed
2023-08-23 07:17:35.613 [info] Active editor: output:extension-output-Shan.code-settings-sync-%231-Code%20Settings%20Sync
2023-08-23 07:17:45.062 [info] /home/arjuntina/.config/qtile/config.py closed
2023-08-23 07:18:14.348 [info] Configuration changed
2023-08-23 07:18:47.560 [info] Active editor: file:///home/arjuntina/.config/qtile/config.py
2023-08-23 07:19:06.727 [info] extension-output-Shan.code-settings-sync-#1-Code Settings Sync closed
2023-08-23 07:20:20.127 [info] Executing :w
2023-08-23 07:20:21.713 [info] Executing :w
2023-08-23 07:20:47.258 [info] Executing :w
2023-08-23 07:22:36.791 [info] Executing :w
2023-08-23 07:23:02.705 [info] Executing :w
2023-08-23 07:23:19.924 [info] Executing :w
2023-08-23 07:23:44.765 [info] Executing :w
