2023-08-23 07:15:48.919 [info] Added views:workbench.panel.markers.view in workbench.panel.markers
2023-08-23 07:15:48.919 [info] Added views:workbench.panel.output in workbench.panel.output
2023-08-23 07:15:48.919 [info] Added views:terminal in terminal
2023-08-23 07:15:48.919 [info] Added views:outline in workbench.view.explorer
2023-08-23 07:15:48.919 [info] Added views:workbench.scm in workbench.view.scm
2023-08-23 07:15:48.919 [info] Added views:workbench.view.search in workbench.view.search
2023-08-23 07:15:48.919 [info] Added views:timeline in workbench.view.explorer
2023-08-23 07:15:48.919 [info] Added views:workbench.explorer.fileView in workbench.view.explorer
2023-08-23 07:15:49.152 [info] Added views:workbench.debug.welcome in workbench.view.debug
2023-08-23 07:15:49.292 [info] Added views:PowerShellCommands in workbench.view.extension.PowerShell
2023-08-23 07:15:49.509 [info] Added views:workbench.panel.repl.view in workbench.panel.repl
2023-08-23 07:17:02.442 [info] Added views:workbench.panel.markers.view in workbench.panel.markers
2023-08-23 07:17:02.442 [info] Added views:workbench.panel.output in workbench.panel.output
2023-08-23 07:17:02.442 [info] Added views:terminal in terminal
2023-08-23 07:17:02.442 [info] Added views:outline in workbench.view.explorer
2023-08-23 07:17:02.442 [info] Added views:workbench.scm in workbench.view.scm
2023-08-23 07:17:02.442 [info] Added views:workbench.view.search in workbench.view.search
2023-08-23 07:17:02.443 [info] Added views:timeline in workbench.view.explorer
2023-08-23 07:17:02.443 [info] Added views:workbench.explorer.fileView in workbench.view.explorer
2023-08-23 07:17:02.745 [info] Added views:workbench.debug.variablesView,workbench.debug.watchExpressionsView,workbench.debug.callStackView,workbench.debug.breakPointsView in workbench.view.debug
2023-08-23 07:17:02.831 [info] Added views:workbench.panel.repl.view in workbench.panel.repl
2023-08-23 07:17:02.833 [info] Removed views:workbench.debug.breakPointsView,workbench.debug.callStackView,workbench.debug.watchExpressionsView,workbench.debug.variablesView from workbench.view.debug
2023-08-23 07:17:02.834 [info] Added views:workbench.debug.welcome in workbench.view.debug
2023-08-23 07:17:04.456 [info] Added views:PowerShellCommands in workbench.view.extension.PowerShell
2023-08-23 07:17:10.316 [info] Added views:workbench.views.extensions.installed,workbench.views.extensions.popular,extensions.recommendedList in workbench.view.extensions
2023-08-23 07:17:10.320 [info] Removed views:workbench.views.extensions.popular from workbench.view.extensions
2023-08-23 07:17:14.199 [info] Removed views:extensions.recommendedList,workbench.views.extensions.installed from workbench.view.extensions
2023-08-23 07:17:14.212 [info] Added views:workbench.views.extensions.marketplace in workbench.view.extensions
2023-08-23 07:17:15.644 [info] Removed views:workbench.views.extensions.marketplace from workbench.view.extensions
2023-08-23 07:17:15.659 [info] Added views:workbench.views.extensions.installed,extensions.recommendedList in workbench.view.extensions
2023-08-23 07:17:40.199 [info] Removed views:extensions.recommendedList,workbench.views.extensions.installed from workbench.view.extensions
2023-08-23 07:17:40.214 [info] Added views:workbench.views.extensions.marketplace in workbench.view.extensions
2023-08-23 07:18:14.822 [info] Added views:workbench.view.testing in workbench.view.extension.test
2023-08-23 07:18:25.267 [info] Removed views:workbench.views.extensions.marketplace from workbench.view.extensions
2023-08-23 07:18:25.290 [info] Added views:workbench.views.extensions.installed,extensions.recommendedList in workbench.view.extensions
2023-08-23 07:23:53.445 [info] Removed views:workbench.view.testing from workbench.view.extension.test
